13:13:23 **** Build of configuration Debug for project Task1_Week2 ****
make -j18 all 
arm-none-eabi-gcc "../Drivers/STM32L4xx_HAL_Driver/Src/stm32l4xx_hal.c" -mcpu=cortex-m4 -std=gnu11 -g3 -DDEBUG -DUSE_HAL_DRIVER -DSTM32L432xx -c -I../Core/Inc -I../Drivers/STM32L4xx_HAL_Driver/Inc -I../Drivers/STM32L4xx_HAL_Driver/Inc/Legacy -I../Drivers/CMSIS/Device/ST/STM32L4xx/Include -I../Drivers/CMSIS/Include -O0 -ffunction-sections -fdata-sections -Wall -fstack-usage -fcyclomatic-complexity -MMD -MP -MF"Drivers/STM32L4xx_HAL_Driver/Src/stm32l4xx_hal.d" -MT"Drivers/STM32L4xx_HAL_Driver/Src/stm32l4xx_hal.o" --specs=nano.specs -mfpu=fpv4-sp-d16 -mfloat-abi=hard -mthumb -o "Drivers/STM32L4xx_HAL_Driver/Src/stm32l4xx_hal.o"
arm-none-eabi-gcc "../Drivers/STM32L4xx_HAL_Driver/Src/stm32l4xx_hal_cortex.c" -mcpu=cortex-m4 -std=gnu11 -g3 -DDEBUG -DUSE_HAL_DRIVER -DSTM32L432xx -c -I../Core/Inc -I../Drivers/STM32L4xx_HAL_Driver/Inc -I../Drivers/STM32L4xx_HAL_Driver/Inc/Legacy -I../Drivers/CMSIS/Device/ST/STM32L4xx/Include -I../Drivers/CMSIS/Include -O0 -ffunction-sections -fdata-sections -Wall -fstack-usage -fcyclomatic-complexity -MMD -MP -MF"Drivers/STM32L4xx_HAL_Driver/Src/stm32l4xx_hal_cortex.d" -MT"Drivers/STM32L4xx_HAL_Driver/Src/stm32l4xx_hal_cortex.o" --specs=nano.specs -mfpu=fpv4-sp-d16 -mfloat-abi=hard -mthumb -o "Drivers/STM32L4xx_HAL_Driver/Src/stm32l4xx_hal_cortex.o"
arm-none-eabi-gcc "../Drivers/STM32L4xx_HAL_Driver/Src/stm32l4xx_hal_dma.c" -mcpu=cortex-m4 -std=gnu11 -g3 -DDEBUG -DUSE_HAL_DRIVER -DSTM32L432xx -c -I../Core/Inc -I../Drivers/STM32L4xx_HAL_Driver/Inc -I../Drivers/STM32L4xx_HAL_Driver/Inc/Legacy -I../Drivers/CMSIS/Device/ST/STM32L4xx/Include -I../Drivers/CMSIS/Include -O0 -ffunction-sections -fdata-sections -Wall -fstack-usage -fcyclomatic-complexity -MMD -MP -MF"Drivers/STM32L4xx_HAL_Driver/Src/stm32l4xx_hal_dma.d" -MT"Drivers/STM32L4xx_HAL_Driver/Src/stm32l4xx_hal_dma.o" --specs=nano.specs -mfpu=fpv4-sp-d16 -mfloat-abi=hard -mthumb -o "Drivers/STM32L4xx_HAL_Driver/Src/stm32l4xx_hal_dma.o"
arm-none-eabi-gcc "../Drivers/STM32L4xx_HAL_Driver/Src/stm32l4xx_hal_dma_ex.c" -mcpu=cortex-m4 -std=gnu11 -g3 -DDEBUG -DUSE_HAL_DRIVER -DSTM32L432xx -c -I../Core/Inc -I../Drivers/STM32L4xx_HAL_Driver/Inc -I../Drivers/STM32L4xx_HAL_Driver/Inc/Legacy -I../Drivers/CMSIS/Device/ST/STM32L4xx/Include -I../Drivers/CMSIS/Include -O0 -ffunction-sections -fdata-sections -Wall -fstack-usage -fcyclomatic-complexity -MMD -MP -MF"Drivers/STM32L4xx_HAL_Driver/Src/stm32l4xx_hal_dma_ex.d" -MT"Drivers/STM32L4xx_HAL_Driver/Src/stm32l4xx_hal_dma_ex.o" --specs=nano.specs -mfpu=fpv4-sp-d16 -mfloat-abi=hard -mthumb -o "Drivers/STM32L4xx_HAL_Driver/Src/stm32l4xx_hal_dma_ex.o"
arm-none-eabi-gcc "../Drivers/STM32L4xx_HAL_Driver/Src/stm32l4xx_hal_exti.c" -mcpu=cortex-m4 -std=gnu11 -g3 -DDEBUG -DUSE_HAL_DRIVER -DSTM32L432xx -c -I../Core/Inc -I../Drivers/STM32L4xx_HAL_Driver/Inc -I../Drivers/STM32L4xx_HAL_Driver/Inc/Legacy -I../Drivers/CMSIS/Device/ST/STM32L4xx/Include -I../Drivers/CMSIS/Include -O0 -ffunction-sections -fdata-sections -Wall -fstack-usage -fcyclomatic-complexity -MMD -MP -MF"Drivers/STM32L4xx_HAL_Driver/Src/stm32l4xx_hal_exti.d" -MT"Drivers/STM32L4xx_HAL_Driver/Src/stm32l4xx_hal_exti.o" --specs=nano.specs -mfpu=fpv4-sp-d16 -mfloat-abi=hard -mthumb -o "Drivers/STM32L4xx_HAL_Driver/Src/stm32l4xx_hal_exti.o"
arm-none-eabi-gcc "../Drivers/STM32L4xx_HAL_Driver/Src/stm32l4xx_hal_flash.c" -mcpu=cortex-m4 -std=gnu11 -g3 -DDEBUG -DUSE_HAL_DRIVER -DSTM32L432xx -c -I../Core/Inc -I../Drivers/STM32L4xx_HAL_Driver/Inc -I../Drivers/STM32L4xx_HAL_Driver/Inc/Legacy -I../Drivers/CMSIS/Device/ST/STM32L4xx/Include -I../Drivers/CMSIS/Include -O0 -ffunction-sections -fdata-sections -Wall -fstack-usage -fcyclomatic-complexity -MMD -MP -MF"Drivers/STM32L4xx_HAL_Driver/Src/stm32l4xx_hal_flash.d" -MT"Drivers/STM32L4xx_HAL_Driver/Src/stm32l4xx_hal_flash.o" --specs=nano.specs -mfpu=fpv4-sp-d16 -mfloat-abi=hard -mthumb -o "Drivers/STM32L4xx_HAL_Driver/Src/stm32l4xx_hal_flash.o"
arm-none-eabi-gcc "../Drivers/STM32L4xx_HAL_Driver/Src/stm32l4xx_hal_flash_ex.c" -mcpu=cortex-m4 -std=gnu11 -g3 -DDEBUG -DUSE_HAL_DRIVER -DSTM32L432xx -c -I../Core/Inc -I../Drivers/STM32L4xx_HAL_Driver/Inc -I../Drivers/STM32L4xx_HAL_Driver/Inc/Legacy -I../Drivers/CMSIS/Device/ST/STM32L4xx/Include -I../Drivers/CMSIS/Include -O0 -ffunction-sections -fdata-sections -Wall -fstack-usage -fcyclomatic-complexity -MMD -MP -MF"Drivers/STM32L4xx_HAL_Driver/Src/stm32l4xx_hal_flash_ex.d" -MT"Drivers/STM32L4xx_HAL_Driver/Src/stm32l4xx_hal_flash_ex.o" --specs=nano.specs -mfpu=fpv4-sp-d16 -mfloat-abi=hard -mthumb -o "Drivers/STM32L4xx_HAL_Driver/Src/stm32l4xx_hal_flash_ex.o"
arm-none-eabi-gcc "../Drivers/STM32L4xx_HAL_Driver/Src/stm32l4xx_hal_flash_ramfunc.c" -mcpu=cortex-m4 -std=gnu11 -g3 -DDEBUG -DUSE_HAL_DRIVER -DSTM32L432xx -c -I../Core/Inc -I../Drivers/STM32L4xx_HAL_Driver/Inc -I../Drivers/STM32L4xx_HAL_Driver/Inc/Legacy -I../Drivers/CMSIS/Device/ST/STM32L4xx/Include -I../Drivers/CMSIS/Include -O0 -ffunction-sections -fdata-sections -Wall -fstack-usage -fcyclomatic-complexity -MMD -MP -MF"Drivers/STM32L4xx_HAL_Driver/Src/stm32l4xx_hal_flash_ramfunc.d" -MT"Drivers/STM32L4xx_HAL_Driver/Src/stm32l4xx_hal_flash_ramfunc.o" --specs=nano.specs -mfpu=fpv4-sp-d16 -mfloat-abi=hard -mthumb -o "Drivers/STM32L4xx_HAL_Driver/Src/stm32l4xx_hal_flash_ramfunc.o"
arm-none-eabi-gcc "../Drivers/STM32L4xx_HAL_Driver/Src/stm32l4xx_hal_gpio.c" -mcpu=cortex-m4 -std=gnu11 -g3 -DDEBUG -DUSE_HAL_DRIVER -DSTM32L432xx -c -I../Core/Inc -I../Drivers/STM32L4xx_HAL_Driver/Inc -I../Drivers/STM32L4xx_HAL_Driver/Inc/Legacy -I../Drivers/CMSIS/Device/ST/STM32L4xx/Include -I../Drivers/CMSIS/Include -O0 -ffunction-sections -fdata-sections -Wall -fstack-usage -fcyclomatic-complexity -MMD -MP -MF"Drivers/STM32L4xx_HAL_Driver/Src/stm32l4xx_hal_gpio.d" -MT"Drivers/STM32L4xx_HAL_Driver/Src/stm32l4xx_hal_gpio.o" --specs=nano.specs -mfpu=fpv4-sp-d16 -mfloat-abi=hard -mthumb -o "Drivers/STM32L4xx_HAL_Driver/Src/stm32l4xx_hal_gpio.o"
arm-none-eabi-gcc "../Drivers/STM32L4xx_HAL_Driver/Src/stm32l4xx_hal_i2c.c" -mcpu=cortex-m4 -std=gnu11 -g3 -DDEBUG -DUSE_HAL_DRIVER -DSTM32L432xx -c -I../Core/Inc -I../Drivers/STM32L4xx_HAL_Driver/Inc -I../Drivers/STM32L4xx_HAL_Driver/Inc/Legacy -I../Drivers/CMSIS/Device/ST/STM32L4xx/Include -I../Drivers/CMSIS/Include -O0 -ffunction-sections -fdata-sections -Wall -fstack-usage -fcyclomatic-complexity -MMD -MP -MF"Drivers/STM32L4xx_HAL_Driver/Src/stm32l4xx_hal_i2c.d" -MT"Drivers/STM32L4xx_HAL_Driver/Src/stm32l4xx_hal_i2c.o" --specs=nano.specs -mfpu=fpv4-sp-d16 -mfloat-abi=hard -mthumb -o "Drivers/STM32L4xx_HAL_Driver/Src/stm32l4xx_hal_i2c.o"
arm-none-eabi-gcc "../Drivers/STM32L4xx_HAL_Driver/Src/stm32l4xx_hal_i2c_ex.c" -mcpu=cortex-m4 -std=gnu11 -g3 -DDEBUG -DUSE_HAL_DRIVER -DSTM32L432xx -c -I../Core/Inc -I../Drivers/STM32L4xx_HAL_Driver/Inc -I../Drivers/STM32L4xx_HAL_Driver/Inc/Legacy -I../Drivers/CMSIS/Device/ST/STM32L4xx/Include -I../Drivers/CMSIS/Include -O0 -ffunction-sections -fdata-sections -Wall -fstack-usage -fcyclomatic-complexity -MMD -MP -MF"Drivers/STM32L4xx_HAL_Driver/Src/stm32l4xx_hal_i2c_ex.d" -MT"Drivers/STM32L4xx_HAL_Driver/Src/stm32l4xx_hal_i2c_ex.o" --specs=nano.specs -mfpu=fpv4-sp-d16 -mfloat-abi=hard -mthumb -o "Drivers/STM32L4xx_HAL_Driver/Src/stm32l4xx_hal_i2c_ex.o"
arm-none-eabi-gcc "../Drivers/STM32L4xx_HAL_Driver/Src/stm32l4xx_hal_pwr.c" -mcpu=cortex-m4 -std=gnu11 -g3 -DDEBUG -DUSE_HAL_DRIVER -DSTM32L432xx -c -I../Core/Inc -I../Drivers/STM32L4xx_HAL_Driver/Inc -I../Drivers/STM32L4xx_HAL_Driver/Inc/Legacy -I../Drivers/CMSIS/Device/ST/STM32L4xx/Include -I../Drivers/CMSIS/Include -O0 -ffunction-sections -fdata-sections -Wall -fstack-usage -fcyclomatic-complexity -MMD -MP -MF"Drivers/STM32L4xx_HAL_Driver/Src/stm32l4xx_hal_pwr.d" -MT"Drivers/STM32L4xx_HAL_Driver/Src/stm32l4xx_hal_pwr.o" --specs=nano.specs -mfpu=fpv4-sp-d16 -mfloat-abi=hard -mthumb -o "Drivers/STM32L4xx_HAL_Driver/Src/stm32l4xx_hal_pwr.o"
arm-none-eabi-gcc "../Drivers/STM32L4xx_HAL_Driver/Src/stm32l4xx_hal_pwr_ex.c" -mcpu=cortex-m4 -std=gnu11 -g3 -DDEBUG -DUSE_HAL_DRIVER -DSTM32L432xx -c -I../Core/Inc -I../Drivers/STM32L4xx_HAL_Driver/Inc -I../Drivers/STM32L4xx_HAL_Driver/Inc/Legacy -I../Drivers/CMSIS/Device/ST/STM32L4xx/Include -I../Drivers/CMSIS/Include -O0 -ffunction-sections -fdata-sections -Wall -fstack-usage -fcyclomatic-complexity -MMD -MP -MF"Drivers/STM32L4xx_HAL_Driver/Src/stm32l4xx_hal_pwr_ex.d" -MT"Drivers/STM32L4xx_HAL_Driver/Src/stm32l4xx_hal_pwr_ex.o" --specs=nano.specs -mfpu=fpv4-sp-d16 -mfloat-abi=hard -mthumb -o "Drivers/STM32L4xx_HAL_Driver/Src/stm32l4xx_hal_pwr_ex.o"
arm-none-eabi-gcc "../Drivers/STM32L4xx_HAL_Driver/Src/stm32l4xx_hal_rcc.c" -mcpu=cortex-m4 -std=gnu11 -g3 -DDEBUG -DUSE_HAL_DRIVER -DSTM32L432xx -c -I../Core/Inc -I../Drivers/STM32L4xx_HAL_Driver/Inc -I../Drivers/STM32L4xx_HAL_Driver/Inc/Legacy -I../Drivers/CMSIS/Device/ST/STM32L4xx/Include -I../Drivers/CMSIS/Include -O0 -ffunction-sections -fdata-sections -Wall -fstack-usage -fcyclomatic-complexity -MMD -MP -MF"Drivers/STM32L4xx_HAL_Driver/Src/stm32l4xx_hal_rcc.d" -MT"Drivers/STM32L4xx_HAL_Driver/Src/stm32l4xx_hal_rcc.o" --specs=nano.specs -mfpu=fpv4-sp-d16 -mfloat-abi=hard -mthumb -o "Drivers/STM32L4xx_HAL_Driver/Src/stm32l4xx_hal_rcc.o"
arm-none-eabi-gcc "../Drivers/STM32L4xx_HAL_Driver/Src/stm32l4xx_hal_rcc_ex.c" -mcpu=cortex-m4 -std=gnu11 -g3 -DDEBUG -DUSE_HAL_DRIVER -DSTM32L432xx -c -I../Core/Inc -I../Drivers/STM32L4xx_HAL_Driver/Inc -I../Drivers/STM32L4xx_HAL_Driver/Inc/Legacy -I../Drivers/CMSIS/Device/ST/STM32L4xx/Include -I../Drivers/CMSIS/Include -O0 -ffunction-sections -fdata-sections -Wall -fstack-usage -fcyclomatic-complexity -MMD -MP -MF"Drivers/STM32L4xx_HAL_Driver/Src/stm32l4xx_hal_rcc_ex.d" -MT"Drivers/STM32L4xx_HAL_Driver/Src/stm32l4xx_hal_rcc_ex.o" --specs=nano.specs -mfpu=fpv4-sp-d16 -mfloat-abi=hard -mthumb -o "Drivers/STM32L4xx_HAL_Driver/Src/stm32l4xx_hal_rcc_ex.o"
arm-none-eabi-gcc "../Drivers/STM32L4xx_HAL_Driver/Src/stm32l4xx_hal_uart.c" -mcpu=cortex-m4 -std=gnu11 -g3 -DDEBUG -DUSE_HAL_DRIVER -DSTM32L432xx -c -I../Core/Inc -I../Drivers/STM32L4xx_HAL_Driver/Inc -I../Drivers/STM32L4xx_HAL_Driver/Inc/Legacy -I../Drivers/CMSIS/Device/ST/STM32L4xx/Include -I../Drivers/CMSIS/Include -O0 -ffunction-sections -fdata-sections -Wall -fstack-usage -fcyclomatic-complexity -MMD -MP -MF"Drivers/STM32L4xx_HAL_Driver/Src/stm32l4xx_hal_uart.d" -MT"Drivers/STM32L4xx_HAL_Driver/Src/stm32l4xx_hal_uart.o" --specs=nano.specs -mfpu=fpv4-sp-d16 -mfloat-abi=hard -mthumb -o "Drivers/STM32L4xx_HAL_Driver/Src/stm32l4xx_hal_uart.o"
arm-none-eabi-gcc "../Drivers/STM32L4xx_HAL_Driver/Src/stm32l4xx_hal_uart_ex.c" -mcpu=cortex-m4 -std=gnu11 -g3 -DDEBUG -DUSE_HAL_DRIVER -DSTM32L432xx -c -I../Core/Inc -I../Drivers/STM32L4xx_HAL_Driver/Inc -I../Drivers/STM32L4xx_HAL_Driver/Inc/Legacy -I../Drivers/CMSIS/Device/ST/STM32L4xx/Include -I../Drivers/CMSIS/Include -O0 -ffunction-sections -fdata-sections -Wall -fstack-usage -fcyclomatic-complexity -MMD -MP -MF"Drivers/STM32L4xx_HAL_Driver/Src/stm32l4xx_hal_uart_ex.d" -MT"Drivers/STM32L4xx_HAL_Driver/Src/stm32l4xx_hal_uart_ex.o" --specs=nano.specs -mfpu=fpv4-sp-d16 -mfloat-abi=hard -mthumb -o "Drivers/STM32L4xx_HAL_Driver/Src/stm32l4xx_hal_uart_ex.o"
arm-none-eabi-gcc -mcpu=cortex-m4 -g3 -DDEBUG -c -x assembler-with-cpp -MMD -MP -MF"Core/Startup/startup_stm32l432kcux.d" -MT"Core/Startup/startup_stm32l432kcux.o" --specs=nano.specs -mfpu=fpv4-sp-d16 -mfloat-abi=hard -mthumb -o "Core/Startup/startup_stm32l432kcux.o" "../Core/Startup/startup_stm32l432kcux.s"
arm-none-eabi-gcc "../Core/Src/main.c" -mcpu=cortex-m4 -std=gnu11 -g3 -DDEBUG -DUSE_HAL_DRIVER -DSTM32L432xx -c -I../Core/Inc -I../Drivers/STM32L4xx_HAL_Driver/Inc -I../Drivers/STM32L4xx_HAL_Driver/Inc/Legacy -I../Drivers/CMSIS/Device/ST/STM32L4xx/Include -I../Drivers/CMSIS/Include -O0 -ffunction-sections -fdata-sections -Wall -fstack-usage -fcyclomatic-complexity -MMD -MP -MF"Core/Src/main.d" -MT"Core/Src/main.o" --specs=nano.specs -mfpu=fpv4-sp-d16 -mfloat-abi=hard -mthumb -o "Core/Src/main.o"
arm-none-eabi-gcc "../Core/Src/stm32l4xx_hal_msp.c" -mcpu=cortex-m4 -std=gnu11 -g3 -DDEBUG -DUSE_HAL_DRIVER -DSTM32L432xx -c -I../Core/Inc -I../Drivers/STM32L4xx_HAL_Driver/Inc -I../Drivers/STM32L4xx_HAL_Driver/Inc/Legacy -I../Drivers/CMSIS/Device/ST/STM32L4xx/Include -I../Drivers/CMSIS/Include -O0 -ffunction-sections -fdata-sections -Wall -fstack-usage -fcyclomatic-complexity -MMD -MP -MF"Core/Src/stm32l4xx_hal_msp.d" -MT"Core/Src/stm32l4xx_hal_msp.o" --specs=nano.specs -mfpu=fpv4-sp-d16 -mfloat-abi=hard -mthumb -o "Core/Src/stm32l4xx_hal_msp.o"
arm-none-eabi-gcc "../Core/Src/stm32l4xx_it.c" -mcpu=cortex-m4 -std=gnu11 -g3 -DDEBUG -DUSE_HAL_DRIVER -DSTM32L432xx -c -I../Core/Inc -I../Drivers/STM32L4xx_HAL_Driver/Inc -I../Drivers/STM32L4xx_HAL_Driver/Inc/Legacy -I../Drivers/CMSIS/Device/ST/STM32L4xx/Include -I../Drivers/CMSIS/Include -O0 -ffunction-sections -fdata-sections -Wall -fstack-usage -fcyclomatic-complexity -MMD -MP -MF"Core/Src/stm32l4xx_it.d" -MT"Core/Src/stm32l4xx_it.o" --specs=nano.specs -mfpu=fpv4-sp-d16 -mfloat-abi=hard -mthumb -o "Core/Src/stm32l4xx_it.o"
arm-none-eabi-gcc "../Core/Src/syscalls.c" -mcpu=cortex-m4 -std=gnu11 -g3 -DDEBUG -DUSE_HAL_DRIVER -DSTM32L432xx -c -I../Core/Inc -I../Drivers/STM32L4xx_HAL_Driver/Inc -I../Drivers/STM32L4xx_HAL_Driver/Inc/Legacy -I../Drivers/CMSIS/Device/ST/STM32L4xx/Include -I../Drivers/CMSIS/Include -O0 -ffunction-sections -fdata-sections -Wall -fstack-usage -fcyclomatic-complexity -MMD -MP -MF"Core/Src/syscalls.d" -MT"Core/Src/syscalls.o" --specs=nano.specs -mfpu=fpv4-sp-d16 -mfloat-abi=hard -mthumb -o "Core/Src/syscalls.o"
arm-none-eabi-gcc "../Core/Src/sysmem.c" -mcpu=cortex-m4 -std=gnu11 -g3 -DDEBUG -DUSE_HAL_DRIVER -DSTM32L432xx -c -I../Core/Inc -I../Drivers/STM32L4xx_HAL_Driver/Inc -I../Drivers/STM32L4xx_HAL_Driver/Inc/Legacy -I../Drivers/CMSIS/Device/ST/STM32L4xx/Include -I../Drivers/CMSIS/Include -O0 -ffunction-sections -fdata-sections -Wall -fstack-usage -fcyclomatic-complexity -MMD -MP -MF"Core/Src/sysmem.d" -MT"Core/Src/sysmem.o" --specs=nano.specs -mfpu=fpv4-sp-d16 -mfloat-abi=hard -mthumb -o "Core/Src/sysmem.o"
arm-none-eabi-gcc "../Core/Src/system_stm32l4xx.c" -mcpu=cortex-m4 -std=gnu11 -g3 -DDEBUG -DUSE_HAL_DRIVER -DSTM32L432xx -c -I../Core/Inc -I../Drivers/STM32L4xx_HAL_Driver/Inc -I../Drivers/STM32L4xx_HAL_Driver/Inc/Legacy -I../Drivers/CMSIS/Device/ST/STM32L4xx/Include -I../Drivers/CMSIS/Include -O0 -ffunction-sections -fdata-sections -Wall -fstack-usage -fcyclomatic-complexity -MMD -MP -MF"Core/Src/system_stm32l4xx.d" -MT"Core/Src/system_stm32l4xx.o" --specs=nano.specs -mfpu=fpv4-sp-d16 -mfloat-abi=hard -mthumb -o "Core/Src/system_stm32l4xx.o"
arm-none-eabi-gcc -o "Task1_Week2.elf" @"objects.list"   -mcpu=cortex-m4 -T"C:\Users\shanw\OneDrive\Documents\GitHub\ECE2071_TeamE14\Task1_Week2\STM32L432KCUX_FLASH.ld" --specs=nosys.specs -Wl,-Map="Task1_Week2.map" -Wl,--gc-sections -static --specs=nano.specs -mfpu=fpv4-sp-d16 -mfloat-abi=hard -mthumb -Wl,--start-group -lc -lm -Wl,--end-group
Finished building target: Task1_Week2.elf
 
arm-none-eabi-size  Task1_Week2.elf 
arm-none-eabi-objdump -h -S Task1_Week2.elf  > "Task1_Week2.list"
   text	   data	    bss	    dec	    hex	filename
  11196	     12	   1708	  12916	   3274	Task1_Week2.elf
Finished building: default.size.stdout
 
Finished building: Task1_Week2.list
 
13:13:44 **** Incremental Build of configuration Debug for project Task1_Week2 ****
make -j18 all 
arm-none-eabi-gcc "../Drivers/STM32L4xx_HAL_Driver/Src/stm32l4xx_hal.c" -mcpu=cortex-m4 -std=gnu11 -g3 -DDEBUG -DUSE_HAL_DRIVER -DSTM32L432xx -c -I../Core/Inc -I../Drivers/STM32L4xx_HAL_Driver/Inc -I../Drivers/STM32L4xx_HAL_Driver/Inc/Legacy -I../Drivers/CMSIS/Device/ST/STM32L4xx/Include -I../Drivers/CMSIS/Include -O0 -ffunction-sections -fdata-sections -Wall -fstack-usage -fcyclomatic-complexity -MMD -MP -MF"Drivers/STM32L4xx_HAL_Driver/Src/stm32l4xx_hal.d" -MT"Drivers/STM32L4xx_HAL_Driver/Src/stm32l4xx_hal.o" --specs=nano.specs -mfpu=fpv4-sp-d16 -mfloat-abi=hard -mthumb -o "Drivers/STM32L4xx_HAL_Driver/Src/stm32l4xx_hal.o"
arm-none-eabi-gcc "../Drivers/STM32L4xx_HAL_Driver/Src/stm32l4xx_hal_cortex.c" -mcpu=cortex-m4 -std=gnu11 -g3 -DDEBUG -DUSE_HAL_DRIVER -DSTM32L432xx -c -I../Core/Inc -I../Drivers/STM32L4xx_HAL_Driver/Inc -I../Drivers/STM32L4xx_HAL_Driver/Inc/Legacy -I../Drivers/CMSIS/Device/ST/STM32L4xx/Include -I../Drivers/CMSIS/Include -O0 -ffunction-sections -fdata-sections -Wall -fstack-usage -fcyclomatic-complexity -MMD -MP -MF"Drivers/STM32L4xx_HAL_Driver/Src/stm32l4xx_hal_cortex.d" -MT"Drivers/STM32L4xx_HAL_Driver/Src/stm32l4xx_hal_cortex.o" --specs=nano.specs -mfpu=fpv4-sp-d16 -mfloat-abi=hard -mthumb -o "Drivers/STM32L4xx_HAL_Driver/Src/stm32l4xx_hal_cortex.o"
arm-none-eabi-gcc "../Drivers/STM32L4xx_HAL_Driver/Src/stm32l4xx_hal_dma.c" -mcpu=cortex-m4 -std=gnu11 -g3 -DDEBUG -DUSE_HAL_DRIVER -DSTM32L432xx -c -I../Core/Inc -I../Drivers/STM32L4xx_HAL_Driver/Inc -I../Drivers/STM32L4xx_HAL_Driver/Inc/Legacy -I../Drivers/CMSIS/Device/ST/STM32L4xx/Include -I../Drivers/CMSIS/Include -O0 -ffunction-sections -fdata-sections -Wall -fstack-usage -fcyclomatic-complexity -MMD -MP -MF"Drivers/STM32L4xx_HAL_Driver/Src/stm32l4xx_hal_dma.d" -MT"Drivers/STM32L4xx_HAL_Driver/Src/stm32l4xx_hal_dma.o" --specs=nano.specs -mfpu=fpv4-sp-d16 -mfloat-abi=hard -mthumb -o "Drivers/STM32L4xx_HAL_Driver/Src/stm32l4xx_hal_dma.o"
arm-none-eabi-gcc "../Drivers/STM32L4xx_HAL_Driver/Src/stm32l4xx_hal_dma_ex.c" -mcpu=cortex-m4 -std=gnu11 -g3 -DDEBUG -DUSE_HAL_DRIVER -DSTM32L432xx -c -I../Core/Inc -I../Drivers/STM32L4xx_HAL_Driver/Inc -I../Drivers/STM32L4xx_HAL_Driver/Inc/Legacy -I../Drivers/CMSIS/Device/ST/STM32L4xx/Include -I../Drivers/CMSIS/Include -O0 -ffunction-sections -fdata-sections -Wall -fstack-usage -fcyclomatic-complexity -MMD -MP -MF"Drivers/STM32L4xx_HAL_Driver/Src/stm32l4xx_hal_dma_ex.d" -MT"Drivers/STM32L4xx_HAL_Driver/Src/stm32l4xx_hal_dma_ex.o" --specs=nano.specs -mfpu=fpv4-sp-d16 -mfloat-abi=hard -mthumb -o "Drivers/STM32L4xx_HAL_Driver/Src/stm32l4xx_hal_dma_ex.o"
arm-none-eabi-gcc "../Drivers/STM32L4xx_HAL_Driver/Src/stm32l4xx_hal_exti.c" -mcpu=cortex-m4 -std=gnu11 -g3 -DDEBUG -DUSE_HAL_DRIVER -DSTM32L432xx -c -I../Core/Inc -I../Drivers/STM32L4xx_HAL_Driver/Inc -I../Drivers/STM32L4xx_HAL_Driver/Inc/Legacy -I../Drivers/CMSIS/Device/ST/STM32L4xx/Include -I../Drivers/CMSIS/Include -O0 -ffunction-sections -fdata-sections -Wall -fstack-usage -fcyclomatic-complexity -MMD -MP -MF"Drivers/STM32L4xx_HAL_Driver/Src/stm32l4xx_hal_exti.d" -MT"Drivers/STM32L4xx_HAL_Driver/Src/stm32l4xx_hal_exti.o" --specs=nano.specs -mfpu=fpv4-sp-d16 -mfloat-abi=hard -mthumb -o "Drivers/STM32L4xx_HAL_Driver/Src/stm32l4xx_hal_exti.o"
arm-none-eabi-gcc "../Drivers/STM32L4xx_HAL_Driver/Src/stm32l4xx_hal_flash.c" -mcpu=cortex-m4 -std=gnu11 -g3 -DDEBUG -DUSE_HAL_DRIVER -DSTM32L432xx -c -I../Core/Inc -I../Drivers/STM32L4xx_HAL_Driver/Inc -I../Drivers/STM32L4xx_HAL_Driver/Inc/Legacy -I../Drivers/CMSIS/Device/ST/STM32L4xx/Include -I../Drivers/CMSIS/Include -O0 -ffunction-sections -fdata-sections -Wall -fstack-usage -fcyclomatic-complexity -MMD -MP -MF"Drivers/STM32L4xx_HAL_Driver/Src/stm32l4xx_hal_flash.d" -MT"Drivers/STM32L4xx_HAL_Driver/Src/stm32l4xx_hal_flash.o" --specs=nano.specs -mfpu=fpv4-sp-d16 -mfloat-abi=hard -mthumb -o "Drivers/STM32L4xx_HAL_Driver/Src/stm32l4xx_hal_flash.o"
arm-none-eabi-gcc "../Drivers/STM32L4xx_HAL_Driver/Src/stm32l4xx_hal_flash_ex.c" -mcpu=cortex-m4 -std=gnu11 -g3 -DDEBUG -DUSE_HAL_DRIVER -DSTM32L432xx -c -I../Core/Inc -I../Drivers/STM32L4xx_HAL_Driver/Inc -I../Drivers/STM32L4xx_HAL_Driver/Inc/Legacy -I../Drivers/CMSIS/Device/ST/STM32L4xx/Include -I../Drivers/CMSIS/Include -O0 -ffunction-sections -fdata-sections -Wall -fstack-usage -fcyclomatic-complexity -MMD -MP -MF"Drivers/STM32L4xx_HAL_Driver/Src/stm32l4xx_hal_flash_ex.d" -MT"Drivers/STM32L4xx_HAL_Driver/Src/stm32l4xx_hal_flash_ex.o" --specs=nano.specs -mfpu=fpv4-sp-d16 -mfloat-abi=hard -mthumb -o "Drivers/STM32L4xx_HAL_Driver/Src/stm32l4xx_hal_flash_ex.o"
arm-none-eabi-gcc "../Drivers/STM32L4xx_HAL_Driver/Src/stm32l4xx_hal_flash_ramfunc.c" -mcpu=cortex-m4 -std=gnu11 -g3 -DDEBUG -DUSE_HAL_DRIVER -DSTM32L432xx -c -I../Core/Inc -I../Drivers/STM32L4xx_HAL_Driver/Inc -I../Drivers/STM32L4xx_HAL_Driver/Inc/Legacy -I../Drivers/CMSIS/Device/ST/STM32L4xx/Include -I../Drivers/CMSIS/Include -O0 -ffunction-sections -fdata-sections -Wall -fstack-usage -fcyclomatic-complexity -MMD -MP -MF"Drivers/STM32L4xx_HAL_Driver/Src/stm32l4xx_hal_flash_ramfunc.d" -MT"Drivers/STM32L4xx_HAL_Driver/Src/stm32l4xx_hal_flash_ramfunc.o" --specs=nano.specs -mfpu=fpv4-sp-d16 -mfloat-abi=hard -mthumb -o "Drivers/STM32L4xx_HAL_Driver/Src/stm32l4xx_hal_flash_ramfunc.o"
arm-none-eabi-gcc "../Drivers/STM32L4xx_HAL_Driver/Src/stm32l4xx_hal_gpio.c" -mcpu=cortex-m4 -std=gnu11 -g3 -DDEBUG -DUSE_HAL_DRIVER -DSTM32L432xx -c -I../Core/Inc -I../Drivers/STM32L4xx_HAL_Driver/Inc -I../Drivers/STM32L4xx_HAL_Driver/Inc/Legacy -I../Drivers/CMSIS/Device/ST/STM32L4xx/Include -I../Drivers/CMSIS/Include -O0 -ffunction-sections -fdata-sections -Wall -fstack-usage -fcyclomatic-complexity -MMD -MP -MF"Drivers/STM32L4xx_HAL_Driver/Src/stm32l4xx_hal_gpio.d" -MT"Drivers/STM32L4xx_HAL_Driver/Src/stm32l4xx_hal_gpio.o" --specs=nano.specs -mfpu=fpv4-sp-d16 -mfloat-abi=hard -mthumb -o "Drivers/STM32L4xx_HAL_Driver/Src/stm32l4xx_hal_gpio.o"
arm-none-eabi-gcc "../Drivers/STM32L4xx_HAL_Driver/Src/stm32l4xx_hal_i2c.c" -mcpu=cortex-m4 -std=gnu11 -g3 -DDEBUG -DUSE_HAL_DRIVER -DSTM32L432xx -c -I../Core/Inc -I../Drivers/STM32L4xx_HAL_Driver/Inc -I../Drivers/STM32L4xx_HAL_Driver/Inc/Legacy -I../Drivers/CMSIS/Device/ST/STM32L4xx/Include -I../Drivers/CMSIS/Include -O0 -ffunction-sections -fdata-sections -Wall -fstack-usage -fcyclomatic-complexity -MMD -MP -MF"Drivers/STM32L4xx_HAL_Driver/Src/stm32l4xx_hal_i2c.d" -MT"Drivers/STM32L4xx_HAL_Driver/Src/stm32l4xx_hal_i2c.o" --specs=nano.specs -mfpu=fpv4-sp-d16 -mfloat-abi=hard -mthumb -o "Drivers/STM32L4xx_HAL_Driver/Src/stm32l4xx_hal_i2c.o"
arm-none-eabi-gcc "../Drivers/STM32L4xx_HAL_Driver/Src/stm32l4xx_hal_i2c_ex.c" -mcpu=cortex-m4 -std=gnu11 -g3 -DDEBUG -DUSE_HAL_DRIVER -DSTM32L432xx -c -I../Core/Inc -I../Drivers/STM32L4xx_HAL_Driver/Inc -I../Drivers/STM32L4xx_HAL_Driver/Inc/Legacy -I../Drivers/CMSIS/Device/ST/STM32L4xx/Include -I../Drivers/CMSIS/Include -O0 -ffunction-sections -fdata-sections -Wall -fstack-usage -fcyclomatic-complexity -MMD -MP -MF"Drivers/STM32L4xx_HAL_Driver/Src/stm32l4xx_hal_i2c_ex.d" -MT"Drivers/STM32L4xx_HAL_Driver/Src/stm32l4xx_hal_i2c_ex.o" --specs=nano.specs -mfpu=fpv4-sp-d16 -mfloat-abi=hard -mthumb -o "Drivers/STM32L4xx_HAL_Driver/Src/stm32l4xx_hal_i2c_ex.o"
arm-none-eabi-gcc "../Drivers/STM32L4xx_HAL_Driver/Src/stm32l4xx_hal_pwr.c" -mcpu=cortex-m4 -std=gnu11 -g3 -DDEBUG -DUSE_HAL_DRIVER -DSTM32L432xx -c -I../Core/Inc -I../Drivers/STM32L4xx_HAL_Driver/Inc -I../Drivers/STM32L4xx_HAL_Driver/Inc/Legacy -I../Drivers/CMSIS/Device/ST/STM32L4xx/Include -I../Drivers/CMSIS/Include -O0 -ffunction-sections -fdata-sections -Wall -fstack-usage -fcyclomatic-complexity -MMD -MP -MF"Drivers/STM32L4xx_HAL_Driver/Src/stm32l4xx_hal_pwr.d" -MT"Drivers/STM32L4xx_HAL_Driver/Src/stm32l4xx_hal_pwr.o" --specs=nano.specs -mfpu=fpv4-sp-d16 -mfloat-abi=hard -mthumb -o "Drivers/STM32L4xx_HAL_Driver/Src/stm32l4xx_hal_pwr.o"
arm-none-eabi-gcc "../Drivers/STM32L4xx_HAL_Driver/Src/stm32l4xx_hal_pwr_ex.c" -mcpu=cortex-m4 -std=gnu11 -g3 -DDEBUG -DUSE_HAL_DRIVER -DSTM32L432xx -c -I../Core/Inc -I../Drivers/STM32L4xx_HAL_Driver/Inc -I../Drivers/STM32L4xx_HAL_Driver/Inc/Legacy -I../Drivers/CMSIS/Device/ST/STM32L4xx/Include -I../Drivers/CMSIS/Include -O0 -ffunction-sections -fdata-sections -Wall -fstack-usage -fcyclomatic-complexity -MMD -MP -MF"Drivers/STM32L4xx_HAL_Driver/Src/stm32l4xx_hal_pwr_ex.d" -MT"Drivers/STM32L4xx_HAL_Driver/Src/stm32l4xx_hal_pwr_ex.o" --specs=nano.specs -mfpu=fpv4-sp-d16 -mfloat-abi=hard -mthumb -o "Drivers/STM32L4xx_HAL_Driver/Src/stm32l4xx_hal_pwr_ex.o"
arm-none-eabi-gcc "../Drivers/STM32L4xx_HAL_Driver/Src/stm32l4xx_hal_rcc.c" -mcpu=cortex-m4 -std=gnu11 -g3 -DDEBUG -DUSE_HAL_DRIVER -DSTM32L432xx -c -I../Core/Inc -I../Drivers/STM32L4xx_HAL_Driver/Inc -I../Drivers/STM32L4xx_HAL_Driver/Inc/Legacy -I../Drivers/CMSIS/Device/ST/STM32L4xx/Include -I../Drivers/CMSIS/Include -O0 -ffunction-sections -fdata-sections -Wall -fstack-usage -fcyclomatic-complexity -MMD -MP -MF"Drivers/STM32L4xx_HAL_Driver/Src/stm32l4xx_hal_rcc.d" -MT"Drivers/STM32L4xx_HAL_Driver/Src/stm32l4xx_hal_rcc.o" --specs=nano.specs -mfpu=fpv4-sp-d16 -mfloat-abi=hard -mthumb -o "Drivers/STM32L4xx_HAL_Driver/Src/stm32l4xx_hal_rcc.o"
arm-none-eabi-gcc "../Drivers/STM32L4xx_HAL_Driver/Src/stm32l4xx_hal_rcc_ex.c" -mcpu=cortex-m4 -std=gnu11 -g3 -DDEBUG -DUSE_HAL_DRIVER -DSTM32L432xx -c -I../Core/Inc -I../Drivers/STM32L4xx_HAL_Driver/Inc -I../Drivers/STM32L4xx_HAL_Driver/Inc/Legacy -I../Drivers/CMSIS/Device/ST/STM32L4xx/Include -I../Drivers/CMSIS/Include -O0 -ffunction-sections -fdata-sections -Wall -fstack-usage -fcyclomatic-complexity -MMD -MP -MF"Drivers/STM32L4xx_HAL_Driver/Src/stm32l4xx_hal_rcc_ex.d" -MT"Drivers/STM32L4xx_HAL_Driver/Src/stm32l4xx_hal_rcc_ex.o" --specs=nano.specs -mfpu=fpv4-sp-d16 -mfloat-abi=hard -mthumb -o "Drivers/STM32L4xx_HAL_Driver/Src/stm32l4xx_hal_rcc_ex.o"
arm-none-eabi-gcc "../Drivers/STM32L4xx_HAL_Driver/Src/stm32l4xx_hal_tim.c" -mcpu=cortex-m4 -std=gnu11 -g3 -DDEBUG -DUSE_HAL_DRIVER -DSTM32L432xx -c -I../Core/Inc -I../Drivers/STM32L4xx_HAL_Driver/Inc -I../Drivers/STM32L4xx_HAL_Driver/Inc/Legacy -I../Drivers/CMSIS/Device/ST/STM32L4xx/Include -I../Drivers/CMSIS/Include -O0 -ffunction-sections -fdata-sections -Wall -fstack-usage -fcyclomatic-complexity -MMD -MP -MF"Drivers/STM32L4xx_HAL_Driver/Src/stm32l4xx_hal_tim.d" -MT"Drivers/STM32L4xx_HAL_Driver/Src/stm32l4xx_hal_tim.o" --specs=nano.specs -mfpu=fpv4-sp-d16 -mfloat-abi=hard -mthumb -o "Drivers/STM32L4xx_HAL_Driver/Src/stm32l4xx_hal_tim.o"
arm-none-eabi-gcc "../Drivers/STM32L4xx_HAL_Driver/Src/stm32l4xx_hal_tim_ex.c" -mcpu=cortex-m4 -std=gnu11 -g3 -DDEBUG -DUSE_HAL_DRIVER -DSTM32L432xx -c -I../Core/Inc -I../Drivers/STM32L4xx_HAL_Driver/Inc -I../Drivers/STM32L4xx_HAL_Driver/Inc/Legacy -I../Drivers/CMSIS/Device/ST/STM32L4xx/Include -I../Drivers/CMSIS/Include -O0 -ffunction-sections -fdata-sections -Wall -fstack-usage -fcyclomatic-complexity -MMD -MP -MF"Drivers/STM32L4xx_HAL_Driver/Src/stm32l4xx_hal_tim_ex.d" -MT"Drivers/STM32L4xx_HAL_Driver/Src/stm32l4xx_hal_tim_ex.o" --specs=nano.specs -mfpu=fpv4-sp-d16 -mfloat-abi=hard -mthumb -o "Drivers/STM32L4xx_HAL_Driver/Src/stm32l4xx_hal_tim_ex.o"
arm-none-eabi-gcc "../Drivers/STM32L4xx_HAL_Driver/Src/stm32l4xx_hal_uart.c" -mcpu=cortex-m4 -std=gnu11 -g3 -DDEBUG -DUSE_HAL_DRIVER -DSTM32L432xx -c -I../Core/Inc -I../Drivers/STM32L4xx_HAL_Driver/Inc -I../Drivers/STM32L4xx_HAL_Driver/Inc/Legacy -I../Drivers/CMSIS/Device/ST/STM32L4xx/Include -I../Drivers/CMSIS/Include -O0 -ffunction-sections -fdata-sections -Wall -fstack-usage -fcyclomatic-complexity -MMD -MP -MF"Drivers/STM32L4xx_HAL_Driver/Src/stm32l4xx_hal_uart.d" -MT"Drivers/STM32L4xx_HAL_Driver/Src/stm32l4xx_hal_uart.o" --specs=nano.specs -mfpu=fpv4-sp-d16 -mfloat-abi=hard -mthumb -o "Drivers/STM32L4xx_HAL_Driver/Src/stm32l4xx_hal_uart.o"
arm-none-eabi-gcc "../Drivers/STM32L4xx_HAL_Driver/Src/stm32l4xx_hal_uart_ex.c" -mcpu=cortex-m4 -std=gnu11 -g3 -DDEBUG -DUSE_HAL_DRIVER -DSTM32L432xx -c -I../Core/Inc -I../Drivers/STM32L4xx_HAL_Driver/Inc -I../Drivers/STM32L4xx_HAL_Driver/Inc/Legacy -I../Drivers/CMSIS/Device/ST/STM32L4xx/Include -I../Drivers/CMSIS/Include -O0 -ffunction-sections -fdata-sections -Wall -fstack-usage -fcyclomatic-complexity -MMD -MP -MF"Drivers/STM32L4xx_HAL_Driver/Src/stm32l4xx_hal_uart_ex.d" -MT"Drivers/STM32L4xx_HAL_Driver/Src/stm32l4xx_hal_uart_ex.o" --specs=nano.specs -mfpu=fpv4-sp-d16 -mfloat-abi=hard -mthumb -o "Drivers/STM32L4xx_HAL_Driver/Src/stm32l4xx_hal_uart_ex.o"
arm-none-eabi-gcc "../Core/Src/main.c" -mcpu=cortex-m4 -std=gnu11 -g3 -DDEBUG -DUSE_HAL_DRIVER -DSTM32L432xx -c -I../Core/Inc -I../Drivers/STM32L4xx_HAL_Driver/Inc -I../Drivers/STM32L4xx_HAL_Driver/Inc/Legacy -I../Drivers/CMSIS/Device/ST/STM32L4xx/Include -I../Drivers/CMSIS/Include -O0 -ffunction-sections -fdata-sections -Wall -fstack-usage -fcyclomatic-complexity -MMD -MP -MF"Core/Src/main.d" -MT"Core/Src/main.o" --specs=nano.specs -mfpu=fpv4-sp-d16 -mfloat-abi=hard -mthumb -o "Core/Src/main.o"
arm-none-eabi-gcc "../Core/Src/stm32l4xx_hal_msp.c" -mcpu=cortex-m4 -std=gnu11 -g3 -DDEBUG -DUSE_HAL_DRIVER -DSTM32L432xx -c -I../Core/Inc -I../Drivers/STM32L4xx_HAL_Driver/Inc -I../Drivers/STM32L4xx_HAL_Driver/Inc/Legacy -I../Drivers/CMSIS/Device/ST/STM32L4xx/Include -I../Drivers/CMSIS/Include -O0 -ffunction-sections -fdata-sections -Wall -fstack-usage -fcyclomatic-complexity -MMD -MP -MF"Core/Src/stm32l4xx_hal_msp.d" -MT"Core/Src/stm32l4xx_hal_msp.o" --specs=nano.specs -mfpu=fpv4-sp-d16 -mfloat-abi=hard -mthumb -o "Core/Src/stm32l4xx_hal_msp.o"
arm-none-eabi-gcc "../Core/Src/stm32l4xx_it.c" -mcpu=cortex-m4 -std=gnu11 -g3 -DDEBUG -DUSE_HAL_DRIVER -DSTM32L432xx -c -I../Core/Inc -I../Drivers/STM32L4xx_HAL_Driver/Inc -I../Drivers/STM32L4xx_HAL_Driver/Inc/Legacy -I../Drivers/CMSIS/Device/ST/STM32L4xx/Include -I../Drivers/CMSIS/Include -O0 -ffunction-sections -fdata-sections -Wall -fstack-usage -fcyclomatic-complexity -MMD -MP -MF"Core/Src/stm32l4xx_it.d" -MT"Core/Src/stm32l4xx_it.o" --specs=nano.specs -mfpu=fpv4-sp-d16 -mfloat-abi=hard -mthumb -o "Core/Src/stm32l4xx_it.o"
arm-none-eabi-gcc "../Core/Src/system_stm32l4xx.c" -mcpu=cortex-m4 -std=gnu11 -g3 -DDEBUG -DUSE_HAL_DRIVER -DSTM32L432xx -c -I../Core/Inc -I../Drivers/STM32L4xx_HAL_Driver/Inc -I../Drivers/STM32L4xx_HAL_Driver/Inc/Legacy -I../Drivers/CMSIS/Device/ST/STM32L4xx/Include -I../Drivers/CMSIS/Include -O0 -ffunction-sections -fdata-sections -Wall -fstack-usage -fcyclomatic-complexity -MMD -MP -MF"Core/Src/system_stm32l4xx.d" -MT"Core/Src/system_stm32l4xx.o" --specs=nano.specs -mfpu=fpv4-sp-d16 -mfloat-abi=hard -mthumb -o "Core/Src/system_stm32l4xx.o"
../Core/Src/main.c: In function 'main':
../Core/Src/main.c:97:3: error: unknown type name 'uint_8'; did you mean 'uint8_t'?
   97 |   uint_8 counter = 0;
      |   ^~~~~~
      |   uint8_t
../Core/Src/main.c:108:19: warning: implicit declaration of function '__HAL_TIME_SET_COUNTER' [-Wimplicit-function-declaration]
  108 |                   __HAL_TIME_SET_COUNTER(&htim16,0);
      |                   ^~~~~~~~~~~~~~~~~~~~~~
../Core/Src/main.c:110:14: warning: suggest parentheses around assignment used as truth value [-Wparentheses]
  110 |           if(second_count = 100){
      |              ^~~~~~~~~~~~
../Core/Src/main.c:115:42: error: 'uint_8' undeclared (first use in this function); did you mean 'uint8_t'?
  115 |                                   sizeof(uint_8),
      |                                          ^~~~~~
      |                                          uint8_t
../Core/Src/main.c:115:42: note: each undeclared identifier is reported only once for each function it appears in
../Core/Src/main.c:114:35: warning: passing argument 2 of 'HAL_UART_Receive' from incompatible pointer type [-Wincompatible-pointer-types]
  114 |                                   &counter,
      |                                   ^~~~~~~~
      |                                   |
      |                                   int *
In file included from ../Core/Inc/stm32l4xx_hal_conf.h:450,
                 from ../Drivers/STM32L4xx_HAL_Driver/Inc/stm32l4xx_hal.h:29,
                 from ../Core/Inc/main.h:30,
                 from ../Core/Src/main.c:20:
../Drivers/STM32L4xx_HAL_Driver/Inc/stm32l4xx_hal_uart.h:1697:72: note: expected 'uint8_t *' {aka 'unsigned char *'} but argument is of type 'int *'
 1697 | HAL_StatusTypeDef HAL_UART_Receive(UART_HandleTypeDef *huart, uint8_t *pData, uint16_t Size, uint32_t Timeout);
      |                                                               ~~~~~~~~~^~~~~
../Core/Src/main.c:117:36: error: expected ';' before 'second_count'
  117 |                                   )
      |                                    ^
      |                                    ;
  118 |                   second_count = 0;
      |                   ~~~~~~~~~~~~      
make: *** [Core/Src/subdir.mk:34: Core/Src/main.o] Error 1
make: *** Waiting for unfinished jobs....
"make -j18 all" terminated with exit code 2. Build might be incomplete.
13:14:01 **** Incremental Build of configuration Debug for project Task1_Week2 ****
make -j18 all 
arm-none-eabi-gcc "../Core/Src/main.c" -mcpu=cortex-m4 -std=gnu11 -g3 -DDEBUG -DUSE_HAL_DRIVER -DSTM32L432xx -c -I../Core/Inc -I../Drivers/STM32L4xx_HAL_Driver/Inc -I../Drivers/STM32L4xx_HAL_Driver/Inc/Legacy -I../Drivers/CMSIS/Device/ST/STM32L4xx/Include -I../Drivers/CMSIS/Include -O0 -ffunction-sections -fdata-sections -Wall -fstack-usage -fcyclomatic-complexity -MMD -MP -MF"Core/Src/main.d" -MT"Core/Src/main.o" --specs=nano.specs -mfpu=fpv4-sp-d16 -mfloat-abi=hard -mthumb -o "Core/Src/main.o"
../Core/Src/main.c: In function 'main':
../Core/Src/main.c:97:3: error: unknown type name 'uint_8'; did you mean 'uint8_t'?
   97 |   uint_8 counter = 0;
      |   ^~~~~~
      |   uint8_t
../Core/Src/main.c:108:19: warning: implicit declaration of function '__HAL_TIME_SET_COUNTER' [-Wimplicit-function-declaration]
  108 |                   __HAL_TIME_SET_COUNTER(&htim16,0);
      |                   ^~~~~~~~~~~~~~~~~~~~~~
../Core/Src/main.c:110:14: warning: suggest parentheses around assignment used as truth value [-Wparentheses]
  110 |           if(second_count = 100){
      |              ^~~~~~~~~~~~
../Core/Src/main.c:115:42: error: 'uint_8' undeclared (first use in this function); did you mean 'uint8_t'?
  115 |                                   sizeof(uint_8),
      |                                          ^~~~~~
      |                                          uint8_t
../Core/Src/main.c:115:42: note: each undeclared identifier is reported only once for each function it appears in
../Core/Src/main.c:114:35: warning: passing argument 2 of 'HAL_UART_Receive' from incompatible pointer type [-Wincompatible-pointer-types]
  114 |                                   &counter,
      |                                   ^~~~~~~~
      |                                   |
      |                                   int *
In file included from ../Core/Inc/stm32l4xx_hal_conf.h:450,
                 from ../Drivers/STM32L4xx_HAL_Driver/Inc/stm32l4xx_hal.h:29,
                 from ../Core/Inc/main.h:30,
                 from ../Core/Src/main.c:20:
../Drivers/STM32L4xx_HAL_Driver/Inc/stm32l4xx_hal_uart.h:1697:72: note: expected 'uint8_t *' {aka 'unsigned char *'} but argument is of type 'int *'
 1697 | HAL_StatusTypeDef HAL_UART_Receive(UART_HandleTypeDef *huart, uint8_t *pData, uint16_t Size, uint32_t Timeout);
      |                                                               ~~~~~~~~~^~~~~
../Core/Src/main.c:117:36: error: expected ';' before 'second_count'
  117 |                                   )
      |                                    ^
      |                                    ;
  118 |                   second_count = 0;
      |                   ~~~~~~~~~~~~      
make: *** [Core/Src/subdir.mk:34: Core/Src/main.o] Error 1
"make -j18 all" terminated with exit code 2. Build might be incomplete.
13:14:20 **** Incremental Build of configuration Debug for project Task1_Week2 ****
make -j18 all 
arm-none-eabi-gcc "../Core/Src/main.c" -mcpu=cortex-m4 -std=gnu11 -g3 -DDEBUG -DUSE_HAL_DRIVER -DSTM32L432xx -c -I../Core/Inc -I../Drivers/STM32L4xx_HAL_Driver/Inc -I../Drivers/STM32L4xx_HAL_Driver/Inc/Legacy -I../Drivers/CMSIS/Device/ST/STM32L4xx/Include -I../Drivers/CMSIS/Include -O0 -ffunction-sections -fdata-sections -Wall -fstack-usage -fcyclomatic-complexity -MMD -MP -MF"Core/Src/main.d" -MT"Core/Src/main.o" --specs=nano.specs -mfpu=fpv4-sp-d16 -mfloat-abi=hard -mthumb -o "Core/Src/main.o"
../Core/Src/main.c: In function 'main':
../Core/Src/main.c:97:3: error: unknown type name 'uint_8'; did you mean 'uint8_t'?
   97 |   uint_8 counter = 0;
      |   ^~~~~~
      |   uint8_t
../Core/Src/main.c:108:19: warning: implicit declaration of function '__HAL_TIME_SET_COUNTER' [-Wimplicit-function-declaration]
  108 |                   __HAL_TIME_SET_COUNTER(&htim16,0);
      |                   ^~~~~~~~~~~~~~~~~~~~~~
../Core/Src/main.c:115:42: error: 'uint_8' undeclared (first use in this function); did you mean 'uint8_t'?
  115 |                                   sizeof(uint_8),
      |                                          ^~~~~~
      |                                          uint8_t
../Core/Src/main.c:115:42: note: each undeclared identifier is reported only once for each function it appears in
../Core/Src/main.c:114:35: warning: passing argument 2 of 'HAL_UART_Receive' from incompatible pointer type [-Wincompatible-pointer-types]
  114 |                                   &counter,
      |                                   ^~~~~~~~
      |                                   |
      |                                   int *
In file included from ../Core/Inc/stm32l4xx_hal_conf.h:450,
                 from ../Drivers/STM32L4xx_HAL_Driver/Inc/stm32l4xx_hal.h:29,
                 from ../Core/Inc/main.h:30,
                 from ../Core/Src/main.c:20:
../Drivers/STM32L4xx_HAL_Driver/Inc/stm32l4xx_hal_uart.h:1697:72: note: expected 'uint8_t *' {aka 'unsigned char *'} but argument is of type 'int *'
 1697 | HAL_StatusTypeDef HAL_UART_Receive(UART_HandleTypeDef *huart, uint8_t *pData, uint16_t Size, uint32_t Timeout);
      |                                                               ~~~~~~~~~^~~~~
../Core/Src/main.c:117:36: error: expected ';' before 'second_count'
  117 |                                   )
      |                                    ^
      |                                    ;
  118 |                   second_count = 0;
      |                   ~~~~~~~~~~~~      
make: *** [Core/Src/subdir.mk:34: Core/Src/main.o] Error 1
"make -j18 all" terminated with exit code 2. Build might be incomplete.
13:14:44 **** Incremental Build of configuration Debug for project Task1_Week2 ****
make -j18 all 
arm-none-eabi-gcc "../Core/Src/main.c" -mcpu=cortex-m4 -std=gnu11 -g3 -DDEBUG -DUSE_HAL_DRIVER -DSTM32L432xx -c -I../Core/Inc -I../Drivers/STM32L4xx_HAL_Driver/Inc -I../Drivers/STM32L4xx_HAL_Driver/Inc/Legacy -I../Drivers/CMSIS/Device/ST/STM32L4xx/Include -I../Drivers/CMSIS/Include -O0 -ffunction-sections -fdata-sections -Wall -fstack-usage -fcyclomatic-complexity -MMD -MP -MF"Core/Src/main.d" -MT"Core/Src/main.o" --specs=nano.specs -mfpu=fpv4-sp-d16 -mfloat-abi=hard -mthumb -o "Core/Src/main.o"
../Core/Src/main.c: In function 'main':
../Core/Src/main.c:97:3: error: unknown type name 'uin8_t'; did you mean 'uint8_t'?
   97 |   uin8_t counter = 0;
      |   ^~~~~~
      |   uint8_t
../Core/Src/main.c:108:19: warning: implicit declaration of function '__HAL_TIME_SET_COUNTER' [-Wimplicit-function-declaration]
  108 |                   __HAL_TIME_SET_COUNTER(&htim16,0);
      |                   ^~~~~~~~~~~~~~~~~~~~~~
../Core/Src/main.c:115:42: error: 'uint_8' undeclared (first use in this function); did you mean 'uint8_t'?
  115 |                                   sizeof(uint_8),
      |                                          ^~~~~~
      |                                          uint8_t
../Core/Src/main.c:115:42: note: each undeclared identifier is reported only once for each function it appears in
../Core/Src/main.c:114:35: warning: passing argument 2 of 'HAL_UART_Receive' from incompatible pointer type [-Wincompatible-pointer-types]
  114 |                                   &counter,
      |                                   ^~~~~~~~
      |                                   |
      |                                   int *
In file included from ../Core/Inc/stm32l4xx_hal_conf.h:450,
                 from ../Drivers/STM32L4xx_HAL_Driver/Inc/stm32l4xx_hal.h:29,
                 from ../Core/Inc/main.h:30,
                 from ../Core/Src/main.c:20:
../Drivers/STM32L4xx_HAL_Driver/Inc/stm32l4xx_hal_uart.h:1697:72: note: expected 'uint8_t *' {aka 'unsigned char *'} but argument is of type 'int *'
 1697 | HAL_StatusTypeDef HAL_UART_Receive(UART_HandleTypeDef *huart, uint8_t *pData, uint16_t Size, uint32_t Timeout);
      |                                                               ~~~~~~~~~^~~~~
make: *** [Core/Src/subdir.mk:34: Core/Src/main.o] Error 1
"make -j18 all" terminated with exit code 2. Build might be incomplete.
13:14:57 **** Incremental Build of configuration Debug for project Task1_Week2 ****
make -j18 all 
arm-none-eabi-gcc "../Core/Src/main.c" -mcpu=cortex-m4 -std=gnu11 -g3 -DDEBUG -DUSE_HAL_DRIVER -DSTM32L432xx -c -I../Core/Inc -I../Drivers/STM32L4xx_HAL_Driver/Inc -I../Drivers/STM32L4xx_HAL_Driver/Inc/Legacy -I../Drivers/CMSIS/Device/ST/STM32L4xx/Include -I../Drivers/CMSIS/Include -O0 -ffunction-sections -fdata-sections -Wall -fstack-usage -fcyclomatic-complexity -MMD -MP -MF"Core/Src/main.d" -MT"Core/Src/main.o" --specs=nano.specs -mfpu=fpv4-sp-d16 -mfloat-abi=hard -mthumb -o "Core/Src/main.o"
../Core/Src/main.c: In function 'main':
../Core/Src/main.c:108:19: warning: implicit declaration of function '__HAL_TIME_SET_COUNTER' [-Wimplicit-function-declaration]
  108 |                   __HAL_TIME_SET_COUNTER(&htim16,0);
      |                   ^~~~~~~~~~~~~~~~~~~~~~
../Core/Src/main.c:115:42: error: 'uint_8' undeclared (first use in this function); did you mean 'uint8_t'?
  115 |                                   sizeof(uint_8),
      |                                          ^~~~~~
      |                                          uint8_t
../Core/Src/main.c:115:42: note: each undeclared identifier is reported only once for each function it appears in
make: *** [Core/Src/subdir.mk:34: Core/Src/main.o] Error 1
"make -j18 all" terminated with exit code 2. Build might be incomplete.
13:15:11 **** Incremental Build of configuration Debug for project Task1_Week2 ****
make -j18 all 
arm-none-eabi-gcc "../Core/Src/main.c" -mcpu=cortex-m4 -std=gnu11 -g3 -DDEBUG -DUSE_HAL_DRIVER -DSTM32L432xx -c -I../Core/Inc -I../Drivers/STM32L4xx_HAL_Driver/Inc -I../Drivers/STM32L4xx_HAL_Driver/Inc/Legacy -I../Drivers/CMSIS/Device/ST/STM32L4xx/Include -I../Drivers/CMSIS/Include -O0 -ffunction-sections -fdata-sections -Wall -fstack-usage -fcyclomatic-complexity -MMD -MP -MF"Core/Src/main.d" -MT"Core/Src/main.o" --specs=nano.specs -mfpu=fpv4-sp-d16 -mfloat-abi=hard -mthumb -o "Core/Src/main.o"
../Core/Src/main.c: In function 'main':
../Core/Src/main.c:108:19: warning: implicit declaration of function '__HAL_TIME_SET_COUNTER' [-Wimplicit-function-declaration]
  108 |                   __HAL_TIME_SET_COUNTER(&htim16,0);
      |                   ^~~~~~~~~~~~~~~~~~~~~~
arm-none-eabi-gcc -o "Task1_Week2.elf" @"objects.list"   -mcpu=cortex-m4 -T"C:\Users\shanw\OneDrive\Documents\GitHub\ECE2071_TeamE14\Task1_Week2\STM32L432KCUX_FLASH.ld" --specs=nosys.specs -Wl,-Map="Task1_Week2.map" -Wl,--gc-sections -static --specs=nano.specs -mfpu=fpv4-sp-d16 -mfloat-abi=hard -mthumb -Wl,--start-group -lc -lm -Wl,--end-group
C:/ST/STM32CubeIDE_1.18.0/STM32CubeIDE/plugins/com.st.stm32cube.ide.mcu.externaltools.gnu-tools-for-stm32.13.3.rel1.win32_1.0.0.202411081344/tools/bin/../lib/gcc/arm-none-eabi/13.3.1/../../../../arm-none-eabi/bin/ld.exe: ./Core/Src/main.o: in function `main':
C:/Users/shanw/OneDrive/Documents/GitHub/ECE2071_TeamE14/Task1_Week2/Debug/../Core/Src/main.c:108:(.text.main+0x3e): undefined reference to `__HAL_TIME_SET_COUNTER'
collect2.exe: error: ld returned 1 exit status
make: *** [makefile:64: Task1_Week2.elf] Error 1
"make -j18 all" terminated with exit code 2. Build might be incomplete.
13:15:26 **** Incremental Build of configuration Debug for project Task1_Week2 ****
make -j18 all 
arm-none-eabi-gcc "../Core/Src/main.c" -mcpu=cortex-m4 -std=gnu11 -g3 -DDEBUG -DUSE_HAL_DRIVER -DSTM32L432xx -c -I../Core/Inc -I../Drivers/STM32L4xx_HAL_Driver/Inc -I../Drivers/STM32L4xx_HAL_Driver/Inc/Legacy -I../Drivers/CMSIS/Device/ST/STM32L4xx/Include -I../Drivers/CMSIS/Include -O0 -ffunction-sections -fdata-sections -Wall -fstack-usage -fcyclomatic-complexity -MMD -MP -MF"Core/Src/main.d" -MT"Core/Src/main.o" --specs=nano.specs -mfpu=fpv4-sp-d16 -mfloat-abi=hard -mthumb -o "Core/Src/main.o"
arm-none-eabi-gcc -o "Task1_Week2.elf" @"objects.list"   -mcpu=cortex-m4 -T"C:\Users\shanw\OneDrive\Documents\GitHub\ECE2071_TeamE14\Task1_Week2\STM32L432KCUX_FLASH.ld" --specs=nosys.specs -Wl,-Map="Task1_Week2.map" -Wl,--gc-sections -static --specs=nano.specs -mfpu=fpv4-sp-d16 -mfloat-abi=hard -mthumb -Wl,--start-group -lc -lm -Wl,--end-group
Finished building target: Task1_Week2.elf
 
arm-none-eabi-size  Task1_Week2.elf 
arm-none-eabi-objdump -h -S Task1_Week2.elf  > "Task1_Week2.list"
   text	   data	    bss	    dec	    hex	filename
  12376	     12	   1780	  14168	   3758	Task1_Week2.elf
Finished building: default.size.stdout
 
Finished building: Task1_Week2.list
 
13:15:29 **** Incremental Build of configuration Debug for project Task1_Week2 ****
make -j18 all 
arm-none-eabi-size  Task1_Week2.elf 
   text	   data	    bss	    dec	    hex	filename
  12376	     12	   1780	  14168	   3758	Task1_Week2.elf
Finished building: default.size.stdout
 
13:16:44 **** Incremental Build of configuration Debug for project Task1_Week2 ****
make -j18 all 
arm-none-eabi-gcc "../Core/Src/main.c" -mcpu=cortex-m4 -std=gnu11 -g3 -DDEBUG -DUSE_HAL_DRIVER -DSTM32L432xx -c -I../Core/Inc -I../Drivers/STM32L4xx_HAL_Driver/Inc -I../Drivers/STM32L4xx_HAL_Driver/Inc/Legacy -I../Drivers/CMSIS/Device/ST/STM32L4xx/Include -I../Drivers/CMSIS/Include -O0 -ffunction-sections -fdata-sections -Wall -fstack-usage -fcyclomatic-complexity -MMD -MP -MF"Core/Src/main.d" -MT"Core/Src/main.o" --specs=nano.specs -mfpu=fpv4-sp-d16 -mfloat-abi=hard -mthumb -o "Core/Src/main.o"
arm-none-eabi-gcc -o "Task1_Week2.elf" @"objects.list"   -mcpu=cortex-m4 -T"C:\Users\shanw\OneDrive\Documents\GitHub\ECE2071_TeamE14\Task1_Week2\STM32L432KCUX_FLASH.ld" --specs=nosys.specs -Wl,-Map="Task1_Week2.map" -Wl,--gc-sections -static --specs=nano.specs -mfpu=fpv4-sp-d16 -mfloat-abi=hard -mthumb -Wl,--start-group -lc -lm -Wl,--end-group
Finished building target: Task1_Week2.elf
 
arm-none-eabi-size  Task1_Week2.elf 
arm-none-eabi-objdump -h -S Task1_Week2.elf  > "Task1_Week2.list"
   text	   data	    bss	    dec	    hex	filename
  12248	     12	   1780	  14040	   36d8	Task1_Week2.elf
Finished building: default.size.stdout
 
Finished building: Task1_Week2.list
 
13:16:47 **** Incremental Build of configuration Debug for project Task1_Week2 ****
make -j18 all 
arm-none-eabi-size  Task1_Week2.elf 
   text	   data	    bss	    dec	    hex	filename
  12248	     12	   1780	  14040	   36d8	Task1_Week2.elf
Finished building: default.size.stdout
 
13:18:03 **** Incremental Build of configuration Debug for project Task1_Week2 ****
make -j18 all 
arm-none-eabi-gcc "../Core/Src/main.c" -mcpu=cortex-m4 -std=gnu11 -g3 -DDEBUG -DUSE_HAL_DRIVER -DSTM32L432xx -c -I../Core/Inc -I../Drivers/STM32L4xx_HAL_Driver/Inc -I../Drivers/STM32L4xx_HAL_Driver/Inc/Legacy -I../Drivers/CMSIS/Device/ST/STM32L4xx/Include -I../Drivers/CMSIS/Include -O0 -ffunction-sections -fdata-sections -Wall -fstack-usage -fcyclomatic-complexity -MMD -MP -MF"Core/Src/main.d" -MT"Core/Src/main.o" --specs=nano.specs -mfpu=fpv4-sp-d16 -mfloat-abi=hard -mthumb -o "Core/Src/main.o"
arm-none-eabi-gcc -o "Task1_Week2.elf" @"objects.list"   -mcpu=cortex-m4 -T"C:\Users\shanw\OneDrive\Documents\GitHub\ECE2071_TeamE14\Task1_Week2\STM32L432KCUX_FLASH.ld" --specs=nosys.specs -Wl,-Map="Task1_Week2.map" -Wl,--gc-sections -static --specs=nano.specs -mfpu=fpv4-sp-d16 -mfloat-abi=hard -mthumb -Wl,--start-group -lc -lm -Wl,--end-group
Finished building target: Task1_Week2.elf
 
arm-none-eabi-size  Task1_Week2.elf 
arm-none-eabi-objdump -h -S Task1_Week2.elf  > "Task1_Week2.list"
   text	   data	    bss	    dec	    hex	filename
  12248	     12	   1780	  14040	   36d8	Task1_Week2.elf
Finished building: default.size.stdout
 
Finished building: Task1_Week2.list
 
13:18:07 **** Incremental Build of configuration Debug for project Task1_Week2 ****
make -j18 all 
arm-none-eabi-size  Task1_Week2.elf 
   text	   data	    bss	    dec	    hex	filename
  12248	     12	   1780	  14040	   36d8	Task1_Week2.elf
Finished building: default.size.stdout
 
13:19:40 **** Incremental Build of configuration Debug for project Task1_Week2 ****
make -j18 all 
arm-none-eabi-gcc "../Core/Src/main.c" -mcpu=cortex-m4 -std=gnu11 -g3 -DDEBUG -DUSE_HAL_DRIVER -DSTM32L432xx -c -I../Core/Inc -I../Drivers/STM32L4xx_HAL_Driver/Inc -I../Drivers/STM32L4xx_HAL_Driver/Inc/Legacy -I../Drivers/CMSIS/Device/ST/STM32L4xx/Include -I../Drivers/CMSIS/Include -O0 -ffunction-sections -fdata-sections -Wall -fstack-usage -fcyclomatic-complexity -MMD -MP -MF"Core/Src/main.d" -MT"Core/Src/main.o" --specs=nano.specs -mfpu=fpv4-sp-d16 -mfloat-abi=hard -mthumb -o "Core/Src/main.o"
arm-none-eabi-gcc -o "Task1_Week2.elf" @"objects.list"   -mcpu=cortex-m4 -T"C:\Users\shanw\OneDrive\Documents\GitHub\ECE2071_TeamE14\Task1_Week2\STM32L432KCUX_FLASH.ld" --specs=nosys.specs -Wl,-Map="Task1_Week2.map" -Wl,--gc-sections -static --specs=nano.specs -mfpu=fpv4-sp-d16 -mfloat-abi=hard -mthumb -Wl,--start-group -lc -lm -Wl,--end-group
Finished building target: Task1_Week2.elf
 
arm-none-eabi-size  Task1_Week2.elf 
arm-none-eabi-objdump -h -S Task1_Week2.elf  > "Task1_Week2.list"
   text	   data	    bss	    dec	    hex	filename
  12252	     12	   1788	  14052	   36e4	Task1_Week2.elf
Finished building: default.size.stdout
 
Finished building: Task1_Week2.list
 
13:19:59 **** Incremental Build of configuration Debug for project Task1_Week2 ****
make -j18 all 
arm-none-eabi-size  Task1_Week2.elf 
   text	   data	    bss	    dec	    hex	filename
  12252	     12	   1788	  14052	   36e4	Task1_Week2.elf
Finished building: default.size.stdout
 
13:20:04 **** Incremental Build of configuration Debug for project Task1_Week2 ****
make -j18 all 
arm-none-eabi-size  Task1_Week2.elf 
   text	   data	    bss	    dec	    hex	filename
  12252	     12	   1788	  14052	   36e4	Task1_Week2.elf
Finished building: default.size.stdout
 
13:20:28 **** Incremental Build of configuration Debug for project Task1_Week2 ****
make -j18 all 
arm-none-eabi-size  Task1_Week2.elf 
   text	   data	    bss	    dec	    hex	filename
  12252	     12	   1788	  14052	   36e4	Task1_Week2.elf
Finished building: default.size.stdout
 
13:21:49 **** Incremental Build of configuration Debug for project Task1_Week2 ****
make -j18 all 
arm-none-eabi-gcc "../Core/Src/main.c" -mcpu=cortex-m4 -std=gnu11 -g3 -DDEBUG -DUSE_HAL_DRIVER -DSTM32L432xx -c -I../Core/Inc -I../Drivers/STM32L4xx_HAL_Driver/Inc -I../Drivers/STM32L4xx_HAL_Driver/Inc/Legacy -I../Drivers/CMSIS/Device/ST/STM32L4xx/Include -I../Drivers/CMSIS/Include -O0 -ffunction-sections -fdata-sections -Wall -fstack-usage -fcyclomatic-complexity -MMD -MP -MF"Core/Src/main.d" -MT"Core/Src/main.o" --specs=nano.specs -mfpu=fpv4-sp-d16 -mfloat-abi=hard -mthumb -o "Core/Src/main.o"
arm-none-eabi-gcc -o "Task1_Week2.elf" @"objects.list"   -mcpu=cortex-m4 -T"C:\Users\shanw\OneDrive\Documents\GitHub\ECE2071_TeamE14\Task1_Week2\STM32L432KCUX_FLASH.ld" --specs=nosys.specs -Wl,-Map="Task1_Week2.map" -Wl,--gc-sections -static --specs=nano.specs -mfpu=fpv4-sp-d16 -mfloat-abi=hard -mthumb -Wl,--start-group -lc -lm -Wl,--end-group
Finished building target: Task1_Week2.elf
 
arm-none-eabi-size  Task1_Week2.elf 
arm-none-eabi-objdump -h -S Task1_Week2.elf  > "Task1_Week2.list"
   text	   data	    bss	    dec	    hex	filename
  12248	     12	   1780	  14040	   36d8	Task1_Week2.elf
Finished building: default.size.stdout
 
Finished building: Task1_Week2.list
 
13:26:24 **** Incremental Build of configuration Debug for project Task1_Week2 ****
make -j18 all 
arm-none-eabi-size  Task1_Week2.elf 
   text	   data	    bss	    dec	    hex	filename
  12248	     12	   1780	  14040	   36d8	Task1_Week2.elf
Finished building: default.size.stdout
 
13:26:49 **** Incremental Build of configuration Debug for project Task1_Week2 ****
make -j18 all 
arm-none-eabi-size  Task1_Week2.elf 
   text	   data	    bss	    dec	    hex	filename
  12248	     12	   1780	  14040	   36d8	Task1_Week2.elf
Finished building: default.size.stdout
 
13:27:33 **** Incremental Build of configuration Debug for project Task1_Week2 ****
make -j18 all 
arm-none-eabi-size  Task1_Week2.elf 
   text	   data	    bss	    dec	    hex	filename
  12248	     12	   1780	  14040	   36d8	Task1_Week2.elf
Finished building: default.size.stdout
 
13:28:24 **** Incremental Build of configuration Debug for project Task1_Week2 ****
make -j18 all 
arm-none-eabi-size  Task1_Week2.elf 
   text	   data	    bss	    dec	    hex	filename
  12248	     12	   1780	  14040	   36d8	Task1_Week2.elf
Finished building: default.size.stdout
 
13:31:10 **** Incremental Build of configuration Debug for project Task1_Week2 ****
make -j18 all 
arm-none-eabi-size  Task1_Week2.elf 
   text	   data	    bss	    dec	    hex	filename
  12248	     12	   1780	  14040	   36d8	Task1_Week2.elf
Finished building: default.size.stdout
 
13:31:14 **** Incremental Build of configuration Debug for project Task1_Week2 ****
make -j18 all 
arm-none-eabi-size  Task1_Week2.elf 
   text	   data	    bss	    dec	    hex	filename
  12248	     12	   1780	  14040	   36d8	Task1_Week2.elf
Finished building: default.size.stdout
 
13:35:13 **** Incremental Build of configuration Debug for project Task1_Week2 ****
make -j18 all 
arm-none-eabi-gcc "../Core/Src/main.c" -mcpu=cortex-m4 -std=gnu11 -g3 -DDEBUG -DUSE_HAL_DRIVER -DSTM32L432xx -c -I../Core/Inc -I../Drivers/STM32L4xx_HAL_Driver/Inc -I../Drivers/STM32L4xx_HAL_Driver/Inc/Legacy -I../Drivers/CMSIS/Device/ST/STM32L4xx/Include -I../Drivers/CMSIS/Include -O0 -ffunction-sections -fdata-sections -Wall -fstack-usage -fcyclomatic-complexity -MMD -MP -MF"Core/Src/main.d" -MT"Core/Src/main.o" --specs=nano.specs -mfpu=fpv4-sp-d16 -mfloat-abi=hard -mthumb -o "Core/Src/main.o"
../Core/Src/main.c: In function 'main':
../Core/Src/main.c:102:9: error: expected identifier or '(' before '[' token
  102 |   char* [3] = num;
      |         ^
../Core/Src/main.c:115:19: warning: implicit declaration of function 'sprintf' [-Wimplicit-function-declaration]
  115 |                   sprintf(num*,"%d\r\n",counter);
      |                   ^~~~~~~
../Core/Src/main.c:21:1: note: include '<stdio.h>' or provide a declaration of 'sprintf'
   20 | #include "main.h"
  +++ |+#include <stdio.h>
   21 | #include <stdint.h>
../Core/Src/main.c:115:19: warning: incompatible implicit declaration of built-in function 'sprintf' [-Wbuiltin-declaration-mismatch]
  115 |                   sprintf(num*,"%d\r\n",counter);
      |                   ^~~~~~~
../Core/Src/main.c:115:19: note: include '<stdio.h>' or provide a declaration of 'sprintf'
../Core/Src/main.c:115:27: error: 'num' undeclared (first use in this function)
  115 |                   sprintf(num*,"%d\r\n",counter);
      |                           ^~~
../Core/Src/main.c:115:27: note: each undeclared identifier is reported only once for each function it appears in
../Core/Src/main.c:115:31: error: expected expression before ',' token
  115 |                   sprintf(num*,"%d\r\n",counter);
      |                               ^
../Core/Src/main.c:117:35: error: invalid operands to binary & (have 'HAL_StatusTypeDef (*)(UART_HandleTypeDef *, const uint8_t *, uint16_t,  uint32_t)' {aka 'HAL_StatusTypeDef (*)(struct __UART_HandleTypeDef *, const unsigned char *, short unsigned int,  long unsigned int)'} and 'UART_HandleTypeDef' {aka 'struct __UART_HandleTypeDef'})
  116 |                   HAL_UART_Transmit
      |                   ~~~~~~~~~~~~~~~~~
      |                   |
      |                   HAL_StatusTypeDef (*)(UART_HandleTypeDef *, const uint8_t *, uint16_t,  uint32_t) {aka HAL_StatusTypeDef (*)(struct __UART_HandleTypeDef *, const unsigned char *, short unsigned int,  long unsigned int)}
  117 |                                   &huart2,
      |                                   ^
../Core/Src/main.c:117:42: warning: left-hand operand of comma expression has no effect [-Wunused-value]
  117 |                                   &huart2,
      |                                          ^
../Core/Src/main.c:119:49: error: expected ')' before '+' token
  119 |                                   sizeof(uint8_t + 2),
      |                                         ~       ^~
      |                                                 )
../Core/Src/main.c:118:43: warning: left-hand operand of comma expression has no effect [-Wunused-value]
  118 |                                   &counter,
      |                                           ^
../Core/Src/main.c:119:54: warning: left-hand operand of comma expression has no effect [-Wunused-value]
  119 |                                   sizeof(uint8_t + 2),
      |                                                      ^
../Core/Src/main.c:119:54: warning: statement with no effect [-Wunused-value]
../Core/Src/main.c:121:35: error: expected ';' before ')' token
  121 |                                   );
      |                                   ^
../Core/Src/main.c:121:35: error: expected statement before ')' token
make: *** [Core/Src/subdir.mk:34: Core/Src/main.o] Error 1
"make -j18 all" terminated with exit code 2. Build might be incomplete.
13:35:50 **** Incremental Build of configuration Debug for project Task1_Week2 ****
make -j18 all 
arm-none-eabi-gcc "../Core/Src/main.c" -mcpu=cortex-m4 -std=gnu11 -g3 -DDEBUG -DUSE_HAL_DRIVER -DSTM32L432xx -c -I../Core/Inc -I../Drivers/STM32L4xx_HAL_Driver/Inc -I../Drivers/STM32L4xx_HAL_Driver/Inc/Legacy -I../Drivers/CMSIS/Device/ST/STM32L4xx/Include -I../Drivers/CMSIS/Include -O0 -ffunction-sections -fdata-sections -Wall -fstack-usage -fcyclomatic-complexity -MMD -MP -MF"Core/Src/main.d" -MT"Core/Src/main.o" --specs=nano.specs -mfpu=fpv4-sp-d16 -mfloat-abi=hard -mthumb -o "Core/Src/main.o"
../Core/Src/main.c: In function 'main':
../Core/Src/main.c:115:19: warning: implicit declaration of function 'sprintf' [-Wimplicit-function-declaration]
  115 |                   sprintf(num*,"%d\r\n",counter);
      |                   ^~~~~~~
../Core/Src/main.c:21:1: note: include '<stdio.h>' or provide a declaration of 'sprintf'
   20 | #include "main.h"
  +++ |+#include <stdio.h>
   21 | #include <stdint.h>
../Core/Src/main.c:115:19: warning: incompatible implicit declaration of built-in function 'sprintf' [-Wbuiltin-declaration-mismatch]
  115 |                   sprintf(num*,"%d\r\n",counter);
      |                   ^~~~~~~
../Core/Src/main.c:115:19: note: include '<stdio.h>' or provide a declaration of 'sprintf'
../Core/Src/main.c:115:31: error: expected expression before ',' token
  115 |                   sprintf(num*,"%d\r\n",counter);
      |                               ^
../Core/Src/main.c:117:35: error: invalid operands to binary & (have 'HAL_StatusTypeDef (*)(UART_HandleTypeDef *, const uint8_t *, uint16_t,  uint32_t)' {aka 'HAL_StatusTypeDef (*)(struct __UART_HandleTypeDef *, const unsigned char *, short unsigned int,  long unsigned int)'} and 'UART_HandleTypeDef' {aka 'struct __UART_HandleTypeDef'})
  116 |                   HAL_UART_Transmit
      |                   ~~~~~~~~~~~~~~~~~
      |                   |
      |                   HAL_StatusTypeDef (*)(UART_HandleTypeDef *, const uint8_t *, uint16_t,  uint32_t) {aka HAL_StatusTypeDef (*)(struct __UART_HandleTypeDef *, const unsigned char *, short unsigned int,  long unsigned int)}
  117 |                                   &huart2,
      |                                   ^
../Core/Src/main.c:117:42: warning: left-hand operand of comma expression has no effect [-Wunused-value]
  117 |                                   &huart2,
      |                                          ^
../Core/Src/main.c:119:49: error: expected ')' before '+' token
  119 |                                   sizeof(uint8_t + 2),
      |                                         ~       ^~
      |                                                 )
../Core/Src/main.c:118:43: warning: left-hand operand of comma expression has no effect [-Wunused-value]
  118 |                                   &counter,
      |                                           ^
../Core/Src/main.c:119:54: warning: left-hand operand of comma expression has no effect [-Wunused-value]
  119 |                                   sizeof(uint8_t + 2),
      |                                                      ^
../Core/Src/main.c:119:54: warning: statement with no effect [-Wunused-value]
../Core/Src/main.c:121:35: error: expected ';' before ')' token
  121 |                                   );
      |                                   ^
../Core/Src/main.c:121:35: error: expected statement before ')' token
make: *** [Core/Src/subdir.mk:34: Core/Src/main.o] Error 1
"make -j18 all" terminated with exit code 2. Build might be incomplete.
13:37:28 **** Incremental Build of configuration Debug for project Task1_Week2 ****
make -j18 all 
arm-none-eabi-gcc "../Core/Src/main.c" -mcpu=cortex-m4 -std=gnu11 -g3 -DDEBUG -DUSE_HAL_DRIVER -DSTM32L432xx -c -I../Core/Inc -I../Drivers/STM32L4xx_HAL_Driver/Inc -I../Drivers/STM32L4xx_HAL_Driver/Inc/Legacy -I../Drivers/CMSIS/Device/ST/STM32L4xx/Include -I../Drivers/CMSIS/Include -O0 -ffunction-sections -fdata-sections -Wall -fstack-usage -fcyclomatic-complexity -MMD -MP -MF"Core/Src/main.d" -MT"Core/Src/main.o" --specs=nano.specs -mfpu=fpv4-sp-d16 -mfloat-abi=hard -mthumb -o "Core/Src/main.o"
../Core/Src/main.c: In function 'main':
../Core/Src/main.c:115:19: warning: implicit declaration of function 'sprintf' [-Wimplicit-function-declaration]
  115 |                   sprintf(num*,"%03d\r\n",counter);
      |                   ^~~~~~~
../Core/Src/main.c:21:1: note: include '<stdio.h>' or provide a declaration of 'sprintf'
   20 | #include "main.h"
  +++ |+#include <stdio.h>
   21 | #include <stdint.h>
../Core/Src/main.c:115:19: warning: incompatible implicit declaration of built-in function 'sprintf' [-Wbuiltin-declaration-mismatch]
  115 |                   sprintf(num*,"%03d\r\n",counter);
      |                   ^~~~~~~
../Core/Src/main.c:115:19: note: include '<stdio.h>' or provide a declaration of 'sprintf'
../Core/Src/main.c:115:31: error: expected expression before ',' token
  115 |                   sprintf(num*,"%03d\r\n",counter);
      |                               ^
../Core/Src/main.c:117:35: error: invalid operands to binary & (have 'HAL_StatusTypeDef (*)(UART_HandleTypeDef *, const uint8_t *, uint16_t,  uint32_t)' {aka 'HAL_StatusTypeDef (*)(struct __UART_HandleTypeDef *, const unsigned char *, short unsigned int,  long unsigned int)'} and 'UART_HandleTypeDef' {aka 'struct __UART_HandleTypeDef'})
  116 |                   HAL_UART_Transmit
      |                   ~~~~~~~~~~~~~~~~~
      |                   |
      |                   HAL_StatusTypeDef (*)(UART_HandleTypeDef *, const uint8_t *, uint16_t,  uint32_t) {aka HAL_StatusTypeDef (*)(struct __UART_HandleTypeDef *, const unsigned char *, short unsigned int,  long unsigned int)}
  117 |                                   &huart2,
      |                                   ^
../Core/Src/main.c:117:42: warning: left-hand operand of comma expression has no effect [-Wunused-value]
  117 |                                   &huart2,
      |                                          ^
../Core/Src/main.c:118:43: warning: left-hand operand of comma expression has no effect [-Wunused-value]
  118 |                                   &counter,
      |                                           ^
../Core/Src/main.c:119:52: warning: left-hand operand of comma expression has no effect [-Wunused-value]
  119 |                                   sizeof(uint8_t)+2,
      |                                                    ^
../Core/Src/main.c:119:52: warning: statement with no effect [-Wunused-value]
../Core/Src/main.c:121:35: error: expected ';' before ')' token
  121 |                                   );
      |                                   ^
../Core/Src/main.c:121:35: error: expected statement before ')' token
make: *** [Core/Src/subdir.mk:34: Core/Src/main.o] Error 1
"make -j18 all" terminated with exit code 2. Build might be incomplete.
13:37:43 **** Incremental Build of configuration Debug for project Task1_Week2 ****
make -j18 all 
arm-none-eabi-gcc "../Core/Src/main.c" -mcpu=cortex-m4 -std=gnu11 -g3 -DDEBUG -DUSE_HAL_DRIVER -DSTM32L432xx -c -I../Core/Inc -I../Drivers/STM32L4xx_HAL_Driver/Inc -I../Drivers/STM32L4xx_HAL_Driver/Inc/Legacy -I../Drivers/CMSIS/Device/ST/STM32L4xx/Include -I../Drivers/CMSIS/Include -O0 -ffunction-sections -fdata-sections -Wall -fstack-usage -fcyclomatic-complexity -MMD -MP -MF"Core/Src/main.d" -MT"Core/Src/main.o" --specs=nano.specs -mfpu=fpv4-sp-d16 -mfloat-abi=hard -mthumb -o "Core/Src/main.o"
../Core/Src/main.c: In function 'main':
../Core/Src/main.c:115:19: warning: implicit declaration of function 'sprintf' [-Wimplicit-function-declaration]
  115 |                   sprintf(num*,"%03d\r\n",counter);
      |                   ^~~~~~~
../Core/Src/main.c:21:1: note: include '<stdio.h>' or provide a declaration of 'sprintf'
   20 | #include "main.h"
  +++ |+#include <stdio.h>
   21 | #include <stdint.h>
../Core/Src/main.c:115:19: warning: incompatible implicit declaration of built-in function 'sprintf' [-Wbuiltin-declaration-mismatch]
  115 |                   sprintf(num*,"%03d\r\n",counter);
      |                   ^~~~~~~
../Core/Src/main.c:115:19: note: include '<stdio.h>' or provide a declaration of 'sprintf'
../Core/Src/main.c:115:31: error: expected expression before ',' token
  115 |                   sprintf(num*,"%03d\r\n",counter);
      |                               ^
../Core/Src/main.c:117:35: error: invalid operands to binary & (have 'HAL_StatusTypeDef (*)(UART_HandleTypeDef *, const uint8_t *, uint16_t,  uint32_t)' {aka 'HAL_StatusTypeDef (*)(struct __UART_HandleTypeDef *, const unsigned char *, short unsigned int,  long unsigned int)'} and 'UART_HandleTypeDef' {aka 'struct __UART_HandleTypeDef'})
  116 |                   HAL_UART_Transmit
      |                   ~~~~~~~~~~~~~~~~~
      |                   |
      |                   HAL_StatusTypeDef (*)(UART_HandleTypeDef *, const uint8_t *, uint16_t,  uint32_t) {aka HAL_StatusTypeDef (*)(struct __UART_HandleTypeDef *, const unsigned char *, short unsigned int,  long unsigned int)}
  117 |                                   &huart2,
      |                                   ^
../Core/Src/main.c:117:42: warning: left-hand operand of comma expression has no effect [-Wunused-value]
  117 |                                   &huart2,
      |                                          ^
../Core/Src/main.c:118:43: warning: left-hand operand of comma expression has no effect [-Wunused-value]
  118 |                                   &counter,
      |                                           ^
../Core/Src/main.c:119:54: warning: left-hand operand of comma expression has no effect [-Wunused-value]
  119 |                                   (sizeof(uint8_t)+2),
      |                                                      ^
../Core/Src/main.c:119:54: warning: statement with no effect [-Wunused-value]
../Core/Src/main.c:121:35: error: expected ';' before ')' token
  121 |                                   );
      |                                   ^
../Core/Src/main.c:121:35: error: expected statement before ')' token
make: *** [Core/Src/subdir.mk:34: Core/Src/main.o] Error 1
"make -j18 all" terminated with exit code 2. Build might be incomplete.
13:38:15 **** Incremental Build of configuration Debug for project Task1_Week2 ****
make -j18 all 
arm-none-eabi-gcc "../Core/Src/main.c" -mcpu=cortex-m4 -std=gnu11 -g3 -DDEBUG -DUSE_HAL_DRIVER -DSTM32L432xx -c -I../Core/Inc -I../Drivers/STM32L4xx_HAL_Driver/Inc -I../Drivers/STM32L4xx_HAL_Driver/Inc/Legacy -I../Drivers/CMSIS/Device/ST/STM32L4xx/Include -I../Drivers/CMSIS/Include -O0 -ffunction-sections -fdata-sections -Wall -fstack-usage -fcyclomatic-complexity -MMD -MP -MF"Core/Src/main.d" -MT"Core/Src/main.o" --specs=nano.specs -mfpu=fpv4-sp-d16 -mfloat-abi=hard -mthumb -o "Core/Src/main.o"
../Core/Src/main.c: In function 'main':
../Core/Src/main.c:116:31: error: expected expression before ',' token
  116 |                   sprintf(num*,"%03d\r\n",counter);
      |                               ^
../Core/Src/main.c:118:35: error: invalid operands to binary & (have 'HAL_StatusTypeDef (*)(UART_HandleTypeDef *, const uint8_t *, uint16_t,  uint32_t)' {aka 'HAL_StatusTypeDef (*)(struct __UART_HandleTypeDef *, const unsigned char *, short unsigned int,  long unsigned int)'} and 'UART_HandleTypeDef' {aka 'struct __UART_HandleTypeDef'})
  117 |                   HAL_UART_Transmit
      |                   ~~~~~~~~~~~~~~~~~
      |                   |
      |                   HAL_StatusTypeDef (*)(UART_HandleTypeDef *, const uint8_t *, uint16_t,  uint32_t) {aka HAL_StatusTypeDef (*)(struct __UART_HandleTypeDef *, const unsigned char *, short unsigned int,  long unsigned int)}
  118 |                                   &huart2,
      |                                   ^
../Core/Src/main.c:118:42: warning: left-hand operand of comma expression has no effect [-Wunused-value]
  118 |                                   &huart2,
      |                                          ^
../Core/Src/main.c:119:43: warning: left-hand operand of comma expression has no effect [-Wunused-value]
  119 |                                   &counter,
      |                                           ^
../Core/Src/main.c:120:54: warning: left-hand operand of comma expression has no effect [-Wunused-value]
  120 |                                   (sizeof(uint8_t)+2),
      |                                                      ^
../Core/Src/main.c:120:54: warning: statement with no effect [-Wunused-value]
../Core/Src/main.c:122:35: error: expected ';' before ')' token
  122 |                                   );
      |                                   ^
../Core/Src/main.c:122:35: error: expected statement before ')' token
make: *** [Core/Src/subdir.mk:34: Core/Src/main.o] Error 1
"make -j18 all" terminated with exit code 2. Build might be incomplete.
13:38:33 **** Incremental Build of configuration Debug for project Task1_Week2 ****
make -j18 all 
arm-none-eabi-gcc "../Core/Src/main.c" -mcpu=cortex-m4 -std=gnu11 -g3 -DDEBUG -DUSE_HAL_DRIVER -DSTM32L432xx -c -I../Core/Inc -I../Drivers/STM32L4xx_HAL_Driver/Inc -I../Drivers/STM32L4xx_HAL_Driver/Inc/Legacy -I../Drivers/CMSIS/Device/ST/STM32L4xx/Include -I../Drivers/CMSIS/Include -O0 -ffunction-sections -fdata-sections -Wall -fstack-usage -fcyclomatic-complexity -MMD -MP -MF"Core/Src/main.d" -MT"Core/Src/main.o" --specs=nano.specs -mfpu=fpv4-sp-d16 -mfloat-abi=hard -mthumb -o "Core/Src/main.o"
../Core/Src/main.c: In function 'main':
../Core/Src/main.c:118:35: error: invalid operands to binary & (have 'HAL_StatusTypeDef (*)(UART_HandleTypeDef *, const uint8_t *, uint16_t,  uint32_t)' {aka 'HAL_StatusTypeDef (*)(struct __UART_HandleTypeDef *, const unsigned char *, short unsigned int,  long unsigned int)'} and 'UART_HandleTypeDef' {aka 'struct __UART_HandleTypeDef'})
  117 |                   HAL_UART_Transmit
      |                   ~~~~~~~~~~~~~~~~~
      |                   |
      |                   HAL_StatusTypeDef (*)(UART_HandleTypeDef *, const uint8_t *, uint16_t,  uint32_t) {aka HAL_StatusTypeDef (*)(struct __UART_HandleTypeDef *, const unsigned char *, short unsigned int,  long unsigned int)}
  118 |                                   &huart2,
      |                                   ^
../Core/Src/main.c:118:42: warning: left-hand operand of comma expression has no effect [-Wunused-value]
  118 |                                   &huart2,
      |                                          ^
../Core/Src/main.c:119:43: warning: left-hand operand of comma expression has no effect [-Wunused-value]
  119 |                                   &counter,
      |                                           ^
../Core/Src/main.c:120:54: warning: left-hand operand of comma expression has no effect [-Wunused-value]
  120 |                                   (sizeof(uint8_t)+2),
      |                                                      ^
../Core/Src/main.c:120:54: warning: statement with no effect [-Wunused-value]
../Core/Src/main.c:122:35: error: expected ';' before ')' token
  122 |                                   );
      |                                   ^
../Core/Src/main.c:122:35: error: expected statement before ')' token
make: *** [Core/Src/subdir.mk:34: Core/Src/main.o] Error 1
"make -j18 all" terminated with exit code 2. Build might be incomplete.
13:38:50 **** Incremental Build of configuration Debug for project Task1_Week2 ****
make -j18 all 
arm-none-eabi-gcc "../Core/Src/main.c" -mcpu=cortex-m4 -std=gnu11 -g3 -DDEBUG -DUSE_HAL_DRIVER -DSTM32L432xx -c -I../Core/Inc -I../Drivers/STM32L4xx_HAL_Driver/Inc -I../Drivers/STM32L4xx_HAL_Driver/Inc/Legacy -I../Drivers/CMSIS/Device/ST/STM32L4xx/Include -I../Drivers/CMSIS/Include -O0 -ffunction-sections -fdata-sections -Wall -fstack-usage -fcyclomatic-complexity -MMD -MP -MF"Core/Src/main.d" -MT"Core/Src/main.o" --specs=nano.specs -mfpu=fpv4-sp-d16 -mfloat-abi=hard -mthumb -o "Core/Src/main.o"
arm-none-eabi-gcc -o "Task1_Week2.elf" @"objects.list"   -mcpu=cortex-m4 -T"C:\Users\shanw\OneDrive\Documents\GitHub\ECE2071_TeamE14\Task1_Week2\STM32L432KCUX_FLASH.ld" --specs=nosys.specs -Wl,-Map="Task1_Week2.map" -Wl,--gc-sections -static --specs=nano.specs -mfpu=fpv4-sp-d16 -mfloat-abi=hard -mthumb -Wl,--start-group -lc -lm -Wl,--end-group
Finished building target: Task1_Week2.elf
 
arm-none-eabi-size  Task1_Week2.elf 
arm-none-eabi-objdump -h -S Task1_Week2.elf  > "Task1_Week2.list"
   text	   data	    bss	    dec	    hex	filename
  14876	     92	   2116	  17084	   42bc	Task1_Week2.elf
Finished building: default.size.stdout
 
Finished building: Task1_Week2.list
 
13:38:55 **** Incremental Build of configuration Debug for project Task1_Week2 ****
make -j18 all 
arm-none-eabi-size  Task1_Week2.elf 
   text	   data	    bss	    dec	    hex	filename
  14876	     92	   2116	  17084	   42bc	Task1_Week2.elf
Finished building: default.size.stdout
 
13:39:22 **** Incremental Build of configuration Debug for project Task1_Week2 ****
make -j18 all 
arm-none-eabi-gcc "../Core/Src/main.c" -mcpu=cortex-m4 -std=gnu11 -g3 -DDEBUG -DUSE_HAL_DRIVER -DSTM32L432xx -c -I../Core/Inc -I../Drivers/STM32L4xx_HAL_Driver/Inc -I../Drivers/STM32L4xx_HAL_Driver/Inc/Legacy -I../Drivers/CMSIS/Device/ST/STM32L4xx/Include -I../Drivers/CMSIS/Include -O0 -ffunction-sections -fdata-sections -Wall -fstack-usage -fcyclomatic-complexity -MMD -MP -MF"Core/Src/main.d" -MT"Core/Src/main.o" --specs=nano.specs -mfpu=fpv4-sp-d16 -mfloat-abi=hard -mthumb -o "Core/Src/main.o"
../Core/Src/main.c: In function 'main':
../Core/Src/main.c:119:35: warning: passing argument 2 of 'HAL_UART_Transmit' from incompatible pointer type [-Wincompatible-pointer-types]
  119 |                                   num,
      |                                   ^~~
      |                                   |
      |                                   char **
In file included from ../Core/Inc/stm32l4xx_hal_conf.h:450,
                 from ../Drivers/STM32L4xx_HAL_Driver/Inc/stm32l4xx_hal.h:29,
                 from ../Core/Inc/main.h:30,
                 from ../Core/Src/main.c:20:
../Drivers/STM32L4xx_HAL_Driver/Inc/stm32l4xx_hal_uart.h:1696:79: note: expected 'const uint8_t *' {aka 'const unsigned char *'} but argument is of type 'char **'
 1696 | HAL_StatusTypeDef HAL_UART_Transmit(UART_HandleTypeDef *huart, const uint8_t *pData, uint16_t Size, uint32_t Timeout);
      |                                                                ~~~~~~~~~~~~~~~^~~~~
arm-none-eabi-gcc -o "Task1_Week2.elf" @"objects.list"   -mcpu=cortex-m4 -T"C:\Users\shanw\OneDrive\Documents\GitHub\ECE2071_TeamE14\Task1_Week2\STM32L432KCUX_FLASH.ld" --specs=nosys.specs -Wl,-Map="Task1_Week2.map" -Wl,--gc-sections -static --specs=nano.specs -mfpu=fpv4-sp-d16 -mfloat-abi=hard -mthumb -Wl,--start-group -lc -lm -Wl,--end-group
Finished building target: Task1_Week2.elf
 
arm-none-eabi-size  Task1_Week2.elf 
arm-none-eabi-objdump -h -S Task1_Week2.elf  > "Task1_Week2.list"
   text	   data	    bss	    dec	    hex	filename
  14872	     92	   2116	  17080	   42b8	Task1_Week2.elf
Finished building: default.size.stdout
 
Finished building: Task1_Week2.list
 
13:39:24 **** Incremental Build of configuration Debug for project Task1_Week2 ****
make -j18 all 
arm-none-eabi-size  Task1_Week2.elf 
   text	   data	    bss	    dec	    hex	filename
  14872	     92	   2116	  17080	   42b8	Task1_Week2.elf
Finished building: default.size.stdout
 
13:40:25 **** Incremental Build of configuration Debug for project Task1_Week2 ****
make -j18 all 
arm-none-eabi-gcc "../Core/Src/main.c" -mcpu=cortex-m4 -std=gnu11 -g3 -DDEBUG -DUSE_HAL_DRIVER -DSTM32L432xx -c -I../Core/Inc -I../Drivers/STM32L4xx_HAL_Driver/Inc -I../Drivers/STM32L4xx_HAL_Driver/Inc/Legacy -I../Drivers/CMSIS/Device/ST/STM32L4xx/Include -I../Drivers/CMSIS/Include -O0 -ffunction-sections -fdata-sections -Wall -fstack-usage -fcyclomatic-complexity -MMD -MP -MF"Core/Src/main.d" -MT"Core/Src/main.o" --specs=nano.specs -mfpu=fpv4-sp-d16 -mfloat-abi=hard -mthumb -o "Core/Src/main.o"
../Core/Src/main.c: In function 'main':
../Core/Src/main.c:119:35: warning: pointer targets in passing argument 2 of 'HAL_UART_Transmit' differ in signedness [-Wpointer-sign]
  119 |                                   *num,
      |                                   ^~~~
      |                                   |
      |                                   char *
In file included from ../Core/Inc/stm32l4xx_hal_conf.h:450,
                 from ../Drivers/STM32L4xx_HAL_Driver/Inc/stm32l4xx_hal.h:29,
                 from ../Core/Inc/main.h:30,
                 from ../Core/Src/main.c:20:
../Drivers/STM32L4xx_HAL_Driver/Inc/stm32l4xx_hal_uart.h:1696:79: note: expected 'const uint8_t *' {aka 'const unsigned char *'} but argument is of type 'char *'
 1696 | HAL_StatusTypeDef HAL_UART_Transmit(UART_HandleTypeDef *huart, const uint8_t *pData, uint16_t Size, uint32_t Timeout);
      |                                                                ~~~~~~~~~~~~~~~^~~~~
arm-none-eabi-gcc -o "Task1_Week2.elf" @"objects.list"   -mcpu=cortex-m4 -T"C:\Users\shanw\OneDrive\Documents\GitHub\ECE2071_TeamE14\Task1_Week2\STM32L432KCUX_FLASH.ld" --specs=nosys.specs -Wl,-Map="Task1_Week2.map" -Wl,--gc-sections -static --specs=nano.specs -mfpu=fpv4-sp-d16 -mfloat-abi=hard -mthumb -Wl,--start-group -lc -lm -Wl,--end-group
Finished building target: Task1_Week2.elf
 
arm-none-eabi-size  Task1_Week2.elf 
arm-none-eabi-objdump -h -S Task1_Week2.elf  > "Task1_Week2.list"
   text	   data	    bss	    dec	    hex	filename
  14872	     92	   2116	  17080	   42b8	Task1_Week2.elf
Finished building: default.size.stdout
 
Finished building: Task1_Week2.list
 
13:40:28 **** Incremental Build of configuration Debug for project Task1_Week2 ****
make -j18 all 
arm-none-eabi-size  Task1_Week2.elf 
   text	   data	    bss	    dec	    hex	filename
  14872	     92	   2116	  17080	   42b8	Task1_Week2.elf
Finished building: default.size.stdout
 
13:41:03 **** Incremental Build of configuration Debug for project Task1_Week2 ****
make -j18 all 
arm-none-eabi-gcc "../Core/Src/main.c" -mcpu=cortex-m4 -std=gnu11 -g3 -DDEBUG -DUSE_HAL_DRIVER -DSTM32L432xx -c -I../Core/Inc -I../Drivers/STM32L4xx_HAL_Driver/Inc -I../Drivers/STM32L4xx_HAL_Driver/Inc/Legacy -I../Drivers/CMSIS/Device/ST/STM32L4xx/Include -I../Drivers/CMSIS/Include -O0 -ffunction-sections -fdata-sections -Wall -fstack-usage -fcyclomatic-complexity -MMD -MP -MF"Core/Src/main.d" -MT"Core/Src/main.o" --specs=nano.specs -mfpu=fpv4-sp-d16 -mfloat-abi=hard -mthumb -o "Core/Src/main.o"
../Core/Src/main.c: In function 'main':
../Core/Src/main.c:119:35: warning: pointer targets in passing argument 2 of 'HAL_UART_Transmit' differ in signedness [-Wpointer-sign]
  119 |                                   *num,
      |                                   ^~~~
      |                                   |
      |                                   char *
In file included from ../Core/Inc/stm32l4xx_hal_conf.h:450,
                 from ../Drivers/STM32L4xx_HAL_Driver/Inc/stm32l4xx_hal.h:29,
                 from ../Core/Inc/main.h:30,
                 from ../Core/Src/main.c:20:
../Drivers/STM32L4xx_HAL_Driver/Inc/stm32l4xx_hal_uart.h:1696:79: note: expected 'const uint8_t *' {aka 'const unsigned char *'} but argument is of type 'char *'
 1696 | HAL_StatusTypeDef HAL_UART_Transmit(UART_HandleTypeDef *huart, const uint8_t *pData, uint16_t Size, uint32_t Timeout);
      |                                                                ~~~~~~~~~~~~~~~^~~~~
arm-none-eabi-gcc -o "Task1_Week2.elf" @"objects.list"   -mcpu=cortex-m4 -T"C:\Users\shanw\OneDrive\Documents\GitHub\ECE2071_TeamE14\Task1_Week2\STM32L432KCUX_FLASH.ld" --specs=nosys.specs -Wl,-Map="Task1_Week2.map" -Wl,--gc-sections -static --specs=nano.specs -mfpu=fpv4-sp-d16 -mfloat-abi=hard -mthumb -Wl,--start-group -lc -lm -Wl,--end-group
Finished building target: Task1_Week2.elf
 
arm-none-eabi-size  Task1_Week2.elf 
arm-none-eabi-objdump -h -S Task1_Week2.elf  > "Task1_Week2.list"
   text	   data	    bss	    dec	    hex	filename
  14872	     92	   2116	  17080	   42b8	Task1_Week2.elf
Finished building: default.size.stdout
 
Finished building: Task1_Week2.list
 
13:41:10 **** Incremental Build of configuration Debug for project Task1_Week2 ****
make -j18 all 
arm-none-eabi-size  Task1_Week2.elf 
   text	   data	    bss	    dec	    hex	filename
  14872	     92	   2116	  17080	   42b8	Task1_Week2.elf
Finished building: default.size.stdout
 
13:42:10 **** Incremental Build of configuration Debug for project Task1_Week2 ****
make -j18 all 
arm-none-eabi-gcc "../Core/Src/main.c" -mcpu=cortex-m4 -std=gnu11 -g3 -DDEBUG -DUSE_HAL_DRIVER -DSTM32L432xx -c -I../Core/Inc -I../Drivers/STM32L4xx_HAL_Driver/Inc -I../Drivers/STM32L4xx_HAL_Driver/Inc/Legacy -I../Drivers/CMSIS/Device/ST/STM32L4xx/Include -I../Drivers/CMSIS/Include -O0 -ffunction-sections -fdata-sections -Wall -fstack-usage -fcyclomatic-complexity -MMD -MP -MF"Core/Src/main.d" -MT"Core/Src/main.o" --specs=nano.specs -mfpu=fpv4-sp-d16 -mfloat-abi=hard -mthumb -o "Core/Src/main.o"
../Core/Src/main.c: In function 'main':
../Core/Src/main.c:119:35: warning: pointer targets in passing argument 2 of 'HAL_UART_Transmit' differ in signedness [-Wpointer-sign]
  119 |                                   *num,
      |                                   ^~~~
      |                                   |
      |                                   char *
In file included from ../Core/Inc/stm32l4xx_hal_conf.h:450,
                 from ../Drivers/STM32L4xx_HAL_Driver/Inc/stm32l4xx_hal.h:29,
                 from ../Core/Inc/main.h:30,
                 from ../Core/Src/main.c:20:
../Drivers/STM32L4xx_HAL_Driver/Inc/stm32l4xx_hal_uart.h:1696:79: note: expected 'const uint8_t *' {aka 'const unsigned char *'} but argument is of type 'char *'
 1696 | HAL_StatusTypeDef HAL_UART_Transmit(UART_HandleTypeDef *huart, const uint8_t *pData, uint16_t Size, uint32_t Timeout);
      |                                                                ~~~~~~~~~~~~~~~^~~~~
arm-none-eabi-gcc -o "Task1_Week2.elf" @"objects.list"   -mcpu=cortex-m4 -T"C:\Users\shanw\OneDrive\Documents\GitHub\ECE2071_TeamE14\Task1_Week2\STM32L432KCUX_FLASH.ld" --specs=nosys.specs -Wl,-Map="Task1_Week2.map" -Wl,--gc-sections -static --specs=nano.specs -mfpu=fpv4-sp-d16 -mfloat-abi=hard -mthumb -Wl,--start-group -lc -lm -Wl,--end-group
Finished building target: Task1_Week2.elf
 
arm-none-eabi-size  Task1_Week2.elf 
arm-none-eabi-objdump -h -S Task1_Week2.elf  > "Task1_Week2.list"
   text	   data	    bss	    dec	    hex	filename
  14872	     92	   2116	  17080	   42b8	Task1_Week2.elf
Finished building: default.size.stdout
 
Finished building: Task1_Week2.list
 
13:42:14 **** Incremental Build of configuration Debug for project Task1_Week2 ****
make -j18 all 
arm-none-eabi-size  Task1_Week2.elf 
   text	   data	    bss	    dec	    hex	filename
  14872	     92	   2116	  17080	   42b8	Task1_Week2.elf
Finished building: default.size.stdout
 
13:43:08 **** Incremental Build of configuration Debug for project Task1_Week2 ****
make -j18 all 
arm-none-eabi-gcc "../Core/Src/main.c" -mcpu=cortex-m4 -std=gnu11 -g3 -DDEBUG -DUSE_HAL_DRIVER -DSTM32L432xx -c -I../Core/Inc -I../Drivers/STM32L4xx_HAL_Driver/Inc -I../Drivers/STM32L4xx_HAL_Driver/Inc/Legacy -I../Drivers/CMSIS/Device/ST/STM32L4xx/Include -I../Drivers/CMSIS/Include -O0 -ffunction-sections -fdata-sections -Wall -fstack-usage -fcyclomatic-complexity -MMD -MP -MF"Core/Src/main.d" -MT"Core/Src/main.o" --specs=nano.specs -mfpu=fpv4-sp-d16 -mfloat-abi=hard -mthumb -o "Core/Src/main.o"
../Core/Src/main.c: In function 'main':
../Core/Src/main.c:119:35: warning: passing argument 2 of 'HAL_UART_Transmit' from incompatible pointer type [-Wincompatible-pointer-types]
  119 |                                   num,
      |                                   ^~~
      |                                   |
      |                                   char **
In file included from ../Core/Inc/stm32l4xx_hal_conf.h:450,
                 from ../Drivers/STM32L4xx_HAL_Driver/Inc/stm32l4xx_hal.h:29,
                 from ../Core/Inc/main.h:30,
                 from ../Core/Src/main.c:20:
../Drivers/STM32L4xx_HAL_Driver/Inc/stm32l4xx_hal_uart.h:1696:79: note: expected 'const uint8_t *' {aka 'const unsigned char *'} but argument is of type 'char **'
 1696 | HAL_StatusTypeDef HAL_UART_Transmit(UART_HandleTypeDef *huart, const uint8_t *pData, uint16_t Size, uint32_t Timeout);
      |                                                                ~~~~~~~~~~~~~~~^~~~~
arm-none-eabi-gcc -o "Task1_Week2.elf" @"objects.list"   -mcpu=cortex-m4 -T"C:\Users\shanw\OneDrive\Documents\GitHub\ECE2071_TeamE14\Task1_Week2\STM32L432KCUX_FLASH.ld" --specs=nosys.specs -Wl,-Map="Task1_Week2.map" -Wl,--gc-sections -static --specs=nano.specs -mfpu=fpv4-sp-d16 -mfloat-abi=hard -mthumb -Wl,--start-group -lc -lm -Wl,--end-group
Finished building target: Task1_Week2.elf
 
arm-none-eabi-size  Task1_Week2.elf 
arm-none-eabi-objdump -h -S Task1_Week2.elf  > "Task1_Week2.list"
   text	   data	    bss	    dec	    hex	filename
  14872	     92	   2116	  17080	   42b8	Task1_Week2.elf
Finished building: default.size.stdout
 
Finished building: Task1_Week2.list
 
13:46:45 **** Incremental Build of configuration Debug for project Task1_Week2 ****
make -j18 all 
arm-none-eabi-gcc "../Core/Src/main.c" -mcpu=cortex-m4 -std=gnu11 -g3 -DDEBUG -DUSE_HAL_DRIVER -DSTM32L432xx -c -I../Core/Inc -I../Drivers/STM32L4xx_HAL_Driver/Inc -I../Drivers/STM32L4xx_HAL_Driver/Inc/Legacy -I../Drivers/CMSIS/Device/ST/STM32L4xx/Include -I../Drivers/CMSIS/Include -O0 -ffunction-sections -fdata-sections -Wall -fstack-usage -fcyclomatic-complexity -MMD -MP -MF"Core/Src/main.d" -MT"Core/Src/main.o" --specs=nano.specs -mfpu=fpv4-sp-d16 -mfloat-abi=hard -mthumb -o "Core/Src/main.o"
../Core/Src/main.c: In function 'main':
../Core/Src/main.c:116:27: warning: passing argument 1 of 'sprintf' makes pointer from integer without a cast [-Wint-conversion]
  116 |                   sprintf(*num,"%03u\r\n",counter);
      |                           ^~~~
      |                           |
      |                           uint8_t {aka unsigned char}
In file included from ../Core/Src/main.c:22:
C:\ST\STM32CubeIDE_1.18.0\STM32CubeIDE\plugins\com.st.stm32cube.ide.mcu.externaltools.gnu-tools-for-stm32.13.3.rel1.win32_1.0.0.202411081344\tools\bin/../lib/gcc/arm-none-eabi/13.3.1/../../../../arm-none-eabi/include/stdio.h:250:18: note: expected 'char * restrict' but argument is of type 'uint8_t' {aka 'unsigned char'}
  250 | int     sprintf (char *__restrict, const char *__restrict, ...)
      |                  ^
arm-none-eabi-gcc -o "Task1_Week2.elf" @"objects.list"   -mcpu=cortex-m4 -T"C:\Users\shanw\OneDrive\Documents\GitHub\ECE2071_TeamE14\Task1_Week2\STM32L432KCUX_FLASH.ld" --specs=nosys.specs -Wl,-Map="Task1_Week2.map" -Wl,--gc-sections -static --specs=nano.specs -mfpu=fpv4-sp-d16 -mfloat-abi=hard -mthumb -Wl,--start-group -lc -lm -Wl,--end-group
Finished building target: Task1_Week2.elf
 
arm-none-eabi-size  Task1_Week2.elf 
arm-none-eabi-objdump -h -S Task1_Week2.elf  > "Task1_Week2.list"
   text	   data	    bss	    dec	    hex	filename
  14872	     92	   2116	  17080	   42b8	Task1_Week2.elf
Finished building: default.size.stdout
 
Finished building: Task1_Week2.list
 
13:47:26 **** Incremental Build of configuration Debug for project Task1_Week2 ****
make -j18 all 
arm-none-eabi-gcc "../Core/Src/main.c" -mcpu=cortex-m4 -std=gnu11 -g3 -DDEBUG -DUSE_HAL_DRIVER -DSTM32L432xx -c -I../Core/Inc -I../Drivers/STM32L4xx_HAL_Driver/Inc -I../Drivers/STM32L4xx_HAL_Driver/Inc/Legacy -I../Drivers/CMSIS/Device/ST/STM32L4xx/Include -I../Drivers/CMSIS/Include -O0 -ffunction-sections -fdata-sections -Wall -fstack-usage -fcyclomatic-complexity -MMD -MP -MF"Core/Src/main.d" -MT"Core/Src/main.o" --specs=nano.specs -mfpu=fpv4-sp-d16 -mfloat-abi=hard -mthumb -o "Core/Src/main.o"
../Core/Src/main.c: In function 'main':
../Core/Src/main.c:116:27: warning: pointer targets in passing argument 1 of 'sprintf' differ in signedness [-Wpointer-sign]
  116 |                   sprintf(num,"%03u\r\n",counter);
      |                           ^~~
      |                           |
      |                           uint8_t * {aka unsigned char *}
In file included from ../Core/Src/main.c:22:
C:\ST\STM32CubeIDE_1.18.0\STM32CubeIDE\plugins\com.st.stm32cube.ide.mcu.externaltools.gnu-tools-for-stm32.13.3.rel1.win32_1.0.0.202411081344\tools\bin/../lib/gcc/arm-none-eabi/13.3.1/../../../../arm-none-eabi/include/stdio.h:250:18: note: expected 'char * restrict' but argument is of type 'uint8_t *' {aka 'unsigned char *'}
  250 | int     sprintf (char *__restrict, const char *__restrict, ...)
      |                  ^
../Core/Src/main.c:119:35: warning: passing argument 2 of 'HAL_UART_Transmit' from incompatible pointer type [-Wincompatible-pointer-types]
  119 |                                   &num,
      |                                   ^~~~
      |                                   |
      |                                   uint8_t (*)[3] {aka unsigned char (*)[3]}
In file included from ../Core/Inc/stm32l4xx_hal_conf.h:450,
                 from ../Drivers/STM32L4xx_HAL_Driver/Inc/stm32l4xx_hal.h:29,
                 from ../Core/Inc/main.h:30,
                 from ../Core/Src/main.c:20:
../Drivers/STM32L4xx_HAL_Driver/Inc/stm32l4xx_hal_uart.h:1696:79: note: expected 'const uint8_t *' {aka 'const unsigned char *'} but argument is of type 'uint8_t (*)[3]' {aka 'unsigned char (*)[3]'}
 1696 | HAL_StatusTypeDef HAL_UART_Transmit(UART_HandleTypeDef *huart, const uint8_t *pData, uint16_t Size, uint32_t Timeout);
      |                                                                ~~~~~~~~~~~~~~~^~~~~
../Core/Src/main.c:116:36: warning: '
   ' directive writing 2 bytes into a region of size 0 [-Wformat-overflow=]
  116 |                   sprintf(num,"%03u\r\n",counter);
      |                                    ^~~~
../Core/Src/main.c:116:19: note: 'sprintf' output 6 bytes into a destination of size 3
  116 |                   sprintf(num,"%03u\r\n",counter);
      |                   ^~~~~~~~~~~~~~~~~~~~~~~~~~~~~~~
arm-none-eabi-gcc -o "Task1_Week2.elf" @"objects.list"   -mcpu=cortex-m4 -T"C:\Users\shanw\OneDrive\Documents\GitHub\ECE2071_TeamE14\Task1_Week2\STM32L432KCUX_FLASH.ld" --specs=nosys.specs -Wl,-Map="Task1_Week2.map" -Wl,--gc-sections -static --specs=nano.specs -mfpu=fpv4-sp-d16 -mfloat-abi=hard -mthumb -Wl,--start-group -lc -lm -Wl,--end-group
Finished building target: Task1_Week2.elf
 
arm-none-eabi-size  Task1_Week2.elf 
arm-none-eabi-objdump -h -S Task1_Week2.elf  > "Task1_Week2.list"
   text	   data	    bss	    dec	    hex	filename
  14872	     92	   2116	  17080	   42b8	Task1_Week2.elf
Finished building: default.size.stdout
 
Finished building: Task1_Week2.list
 
13:48:01 **** Incremental Build of configuration Debug for project Task1_Week2 ****
make -j18 all 
arm-none-eabi-gcc "../Core/Src/main.c" -mcpu=cortex-m4 -std=gnu11 -g3 -DDEBUG -DUSE_HAL_DRIVER -DSTM32L432xx -c -I../Core/Inc -I../Drivers/STM32L4xx_HAL_Driver/Inc -I../Drivers/STM32L4xx_HAL_Driver/Inc/Legacy -I../Drivers/CMSIS/Device/ST/STM32L4xx/Include -I../Drivers/CMSIS/Include -O0 -ffunction-sections -fdata-sections -Wall -fstack-usage -fcyclomatic-complexity -MMD -MP -MF"Core/Src/main.d" -MT"Core/Src/main.o" --specs=nano.specs -mfpu=fpv4-sp-d16 -mfloat-abi=hard -mthumb -o "Core/Src/main.o"
../Core/Src/main.c: In function 'main':
../Core/Src/main.c:116:27: warning: pointer targets in passing argument 1 of 'sprintf' differ in signedness [-Wpointer-sign]
  116 |                   sprintf(num,"%03u\r\n",counter);
      |                           ^~~
      |                           |
      |                           uint8_t * {aka unsigned char *}
In file included from ../Core/Src/main.c:22:
C:\ST\STM32CubeIDE_1.18.0\STM32CubeIDE\plugins\com.st.stm32cube.ide.mcu.externaltools.gnu-tools-for-stm32.13.3.rel1.win32_1.0.0.202411081344\tools\bin/../lib/gcc/arm-none-eabi/13.3.1/../../../../arm-none-eabi/include/stdio.h:250:18: note: expected 'char * restrict' but argument is of type 'uint8_t *' {aka 'unsigned char *'}
  250 | int     sprintf (char *__restrict, const char *__restrict, ...)
      |                  ^
../Core/Src/main.c:116:36: warning: '
   ' directive writing 2 bytes into a region of size 0 [-Wformat-overflow=]
  116 |                   sprintf(num,"%03u\r\n",counter);
      |                                    ^~~~
../Core/Src/main.c:116:19: note: 'sprintf' output 6 bytes into a destination of size 3
  116 |                   sprintf(num,"%03u\r\n",counter);
      |                   ^~~~~~~~~~~~~~~~~~~~~~~~~~~~~~~
arm-none-eabi-gcc -o "Task1_Week2.elf" @"objects.list"   -mcpu=cortex-m4 -T"C:\Users\shanw\OneDrive\Documents\GitHub\ECE2071_TeamE14\Task1_Week2\STM32L432KCUX_FLASH.ld" --specs=nosys.specs -Wl,-Map="Task1_Week2.map" -Wl,--gc-sections -static --specs=nano.specs -mfpu=fpv4-sp-d16 -mfloat-abi=hard -mthumb -Wl,--start-group -lc -lm -Wl,--end-group
Finished building target: Task1_Week2.elf
 
arm-none-eabi-size  Task1_Week2.elf 
arm-none-eabi-objdump -h -S Task1_Week2.elf  > "Task1_Week2.list"
   text	   data	    bss	    dec	    hex	filename
  14872	     92	   2116	  17080	   42b8	Task1_Week2.elf
Finished building: default.size.stdout
 
Finished building: Task1_Week2.list
 
13:52:09 **** Incremental Build of configuration Debug for project Task1_Week2 ****
make -j18 all 
arm-none-eabi-gcc "../Core/Src/main.c" -mcpu=cortex-m4 -std=gnu11 -g3 -DDEBUG -DUSE_HAL_DRIVER -DSTM32L432xx -c -I../Core/Inc -I../Drivers/STM32L4xx_HAL_Driver/Inc -I../Drivers/STM32L4xx_HAL_Driver/Inc/Legacy -I../Drivers/CMSIS/Device/ST/STM32L4xx/Include -I../Drivers/CMSIS/Include -O0 -ffunction-sections -fdata-sections -Wall -fstack-usage -fcyclomatic-complexity -MMD -MP -MF"Core/Src/main.d" -MT"Core/Src/main.o" --specs=nano.specs -mfpu=fpv4-sp-d16 -mfloat-abi=hard -mthumb -o "Core/Src/main.o"
../Core/Src/main.c: In function 'main':
../Core/Src/main.c:119:35: warning: passing argument 2 of 'HAL_UART_Transmit' from incompatible pointer type [-Wincompatible-pointer-types]
  119 |                                   num,
      |                                   ^~~
      |                                   |
      |                                   char **
In file included from ../Core/Inc/stm32l4xx_hal_conf.h:450,
                 from ../Drivers/STM32L4xx_HAL_Driver/Inc/stm32l4xx_hal.h:29,
                 from ../Core/Inc/main.h:30,
                 from ../Core/Src/main.c:20:
../Drivers/STM32L4xx_HAL_Driver/Inc/stm32l4xx_hal_uart.h:1696:79: note: expected 'const uint8_t *' {aka 'const unsigned char *'} but argument is of type 'char **'
 1696 | HAL_StatusTypeDef HAL_UART_Transmit(UART_HandleTypeDef *huart, const uint8_t *pData, uint16_t Size, uint32_t Timeout);
      |                                                                ~~~~~~~~~~~~~~~^~~~~
arm-none-eabi-gcc -o "Task1_Week2.elf" @"objects.list"   -mcpu=cortex-m4 -T"C:\Users\shanw\OneDrive\Documents\GitHub\ECE2071_TeamE14\Task1_Week2\STM32L432KCUX_FLASH.ld" --specs=nosys.specs -Wl,-Map="Task1_Week2.map" -Wl,--gc-sections -static --specs=nano.specs -mfpu=fpv4-sp-d16 -mfloat-abi=hard -mthumb -Wl,--start-group -lc -lm -Wl,--end-group
Finished building target: Task1_Week2.elf
 
arm-none-eabi-size  Task1_Week2.elf 
arm-none-eabi-objdump -h -S Task1_Week2.elf  > "Task1_Week2.list"
   text	   data	    bss	    dec	    hex	filename
  14872	     92	   2116	  17080	   42b8	Task1_Week2.elf
Finished building: default.size.stdout
 
Finished building: Task1_Week2.list
 
13:52:42 **** Incremental Build of configuration Debug for project Task1_Week2 ****
make -j18 all 
arm-none-eabi-gcc "../Core/Src/main.c" -mcpu=cortex-m4 -std=gnu11 -g3 -DDEBUG -DUSE_HAL_DRIVER -DSTM32L432xx -c -I../Core/Inc -I../Drivers/STM32L4xx_HAL_Driver/Inc -I../Drivers/STM32L4xx_HAL_Driver/Inc/Legacy -I../Drivers/CMSIS/Device/ST/STM32L4xx/Include -I../Drivers/CMSIS/Include -O0 -ffunction-sections -fdata-sections -Wall -fstack-usage -fcyclomatic-complexity -MMD -MP -MF"Core/Src/main.d" -MT"Core/Src/main.o" --specs=nano.specs -mfpu=fpv4-sp-d16 -mfloat-abi=hard -mthumb -o "Core/Src/main.o"
../Core/Src/main.c: In function 'main':
../Core/Src/main.c:116:27: warning: passing argument 1 of 'sprintf' from incompatible pointer type [-Wincompatible-pointer-types]
  116 |                   sprintf(&num,"%03u\r\n",counter);
      |                           ^~~~
      |                           |
      |                           char (*)[6]
In file included from ../Core/Src/main.c:22:
C:\ST\STM32CubeIDE_1.18.0\STM32CubeIDE\plugins\com.st.stm32cube.ide.mcu.externaltools.gnu-tools-for-stm32.13.3.rel1.win32_1.0.0.202411081344\tools\bin/../lib/gcc/arm-none-eabi/13.3.1/../../../../arm-none-eabi/include/stdio.h:250:18: note: expected 'char * restrict' but argument is of type 'char (*)[6]'
  250 | int     sprintf (char *__restrict, const char *__restrict, ...)
      |                  ^
../Core/Src/main.c:119:35: warning: passing argument 2 of 'HAL_UART_Transmit' from incompatible pointer type [-Wincompatible-pointer-types]
  119 |                                   &num,
      |                                   ^~~~
      |                                   |
      |                                   char (*)[6]
In file included from ../Core/Inc/stm32l4xx_hal_conf.h:450,
                 from ../Drivers/STM32L4xx_HAL_Driver/Inc/stm32l4xx_hal.h:29,
                 from ../Core/Inc/main.h:30,
                 from ../Core/Src/main.c:20:
../Drivers/STM32L4xx_HAL_Driver/Inc/stm32l4xx_hal_uart.h:1696:79: note: expected 'const uint8_t *' {aka 'const unsigned char *'} but argument is of type 'char (*)[6]'
 1696 | HAL_StatusTypeDef HAL_UART_Transmit(UART_HandleTypeDef *huart, const uint8_t *pData, uint16_t Size, uint32_t Timeout);
      |                                                                ~~~~~~~~~~~~~~~^~~~~
arm-none-eabi-gcc -o "Task1_Week2.elf" @"objects.list"   -mcpu=cortex-m4 -T"C:\Users\shanw\OneDrive\Documents\GitHub\ECE2071_TeamE14\Task1_Week2\STM32L432KCUX_FLASH.ld" --specs=nosys.specs -Wl,-Map="Task1_Week2.map" -Wl,--gc-sections -static --specs=nano.specs -mfpu=fpv4-sp-d16 -mfloat-abi=hard -mthumb -Wl,--start-group -lc -lm -Wl,--end-group
Finished building target: Task1_Week2.elf
 
arm-none-eabi-size  Task1_Week2.elf 
arm-none-eabi-objdump -h -S Task1_Week2.elf  > "Task1_Week2.list"
   text	   data	    bss	    dec	    hex	filename
  14872	     92	   2116	  17080	   42b8	Task1_Week2.elf
Finished building: default.size.stdout
 
Finished building: Task1_Week2.list
 
13:53:01 **** Incremental Build of configuration Debug for project Task1_Week2 ****
make -j18 all 
arm-none-eabi-gcc "../Core/Src/main.c" -mcpu=cortex-m4 -std=gnu11 -g3 -DDEBUG -DUSE_HAL_DRIVER -DSTM32L432xx -c -I../Core/Inc -I../Drivers/STM32L4xx_HAL_Driver/Inc -I../Drivers/STM32L4xx_HAL_Driver/Inc/Legacy -I../Drivers/CMSIS/Device/ST/STM32L4xx/Include -I../Drivers/CMSIS/Include -O0 -ffunction-sections -fdata-sections -Wall -fstack-usage -fcyclomatic-complexity -MMD -MP -MF"Core/Src/main.d" -MT"Core/Src/main.o" --specs=nano.specs -mfpu=fpv4-sp-d16 -mfloat-abi=hard -mthumb -o "Core/Src/main.o"
../Core/Src/main.c: In function 'main':
../Core/Src/main.c:119:35: warning: pointer targets in passing argument 2 of 'HAL_UART_Transmit' differ in signedness [-Wpointer-sign]
  119 |                                   num,
      |                                   ^~~
      |                                   |
      |                                   char *
In file included from ../Core/Inc/stm32l4xx_hal_conf.h:450,
                 from ../Drivers/STM32L4xx_HAL_Driver/Inc/stm32l4xx_hal.h:29,
                 from ../Core/Inc/main.h:30,
                 from ../Core/Src/main.c:20:
../Drivers/STM32L4xx_HAL_Driver/Inc/stm32l4xx_hal_uart.h:1696:79: note: expected 'const uint8_t *' {aka 'const unsigned char *'} but argument is of type 'char *'
 1696 | HAL_StatusTypeDef HAL_UART_Transmit(UART_HandleTypeDef *huart, const uint8_t *pData, uint16_t Size, uint32_t Timeout);
      |                                                                ~~~~~~~~~~~~~~~^~~~~
arm-none-eabi-gcc -o "Task1_Week2.elf" @"objects.list"   -mcpu=cortex-m4 -T"C:\Users\shanw\OneDrive\Documents\GitHub\ECE2071_TeamE14\Task1_Week2\STM32L432KCUX_FLASH.ld" --specs=nosys.specs -Wl,-Map="Task1_Week2.map" -Wl,--gc-sections -static --specs=nano.specs -mfpu=fpv4-sp-d16 -mfloat-abi=hard -mthumb -Wl,--start-group -lc -lm -Wl,--end-group
Finished building target: Task1_Week2.elf
 
arm-none-eabi-size  Task1_Week2.elf 
arm-none-eabi-objdump -h -S Task1_Week2.elf  > "Task1_Week2.list"
   text	   data	    bss	    dec	    hex	filename
  14872	     92	   2116	  17080	   42b8	Task1_Week2.elf
Finished building: default.size.stdout
 
Finished building: Task1_Week2.list
 
13:53:23 **** Incremental Build of configuration Debug for project Task1_Week2 ****
make -j18 all 
arm-none-eabi-gcc "../Core/Src/main.c" -mcpu=cortex-m4 -std=gnu11 -g3 -DDEBUG -DUSE_HAL_DRIVER -DSTM32L432xx -c -I../Core/Inc -I../Drivers/STM32L4xx_HAL_Driver/Inc -I../Drivers/STM32L4xx_HAL_Driver/Inc/Legacy -I../Drivers/CMSIS/Device/ST/STM32L4xx/Include -I../Drivers/CMSIS/Include -O0 -ffunction-sections -fdata-sections -Wall -fstack-usage -fcyclomatic-complexity -MMD -MP -MF"Core/Src/main.d" -MT"Core/Src/main.o" --specs=nano.specs -mfpu=fpv4-sp-d16 -mfloat-abi=hard -mthumb -o "Core/Src/main.o"
../Core/Src/main.c: In function 'main':
../Core/Src/main.c:119:35: warning: passing argument 2 of 'HAL_UART_Transmit' makes pointer from integer without a cast [-Wint-conversion]
  119 |                                   *num,
      |                                   ^~~~
      |                                   |
      |                                   char
In file included from ../Core/Inc/stm32l4xx_hal_conf.h:450,
                 from ../Drivers/STM32L4xx_HAL_Driver/Inc/stm32l4xx_hal.h:29,
                 from ../Core/Inc/main.h:30,
                 from ../Core/Src/main.c:20:
../Drivers/STM32L4xx_HAL_Driver/Inc/stm32l4xx_hal_uart.h:1696:79: note: expected 'const uint8_t *' {aka 'const unsigned char *'} but argument is of type 'char'
 1696 | HAL_StatusTypeDef HAL_UART_Transmit(UART_HandleTypeDef *huart, const uint8_t *pData, uint16_t Size, uint32_t Timeout);
      |                                                                ~~~~~~~~~~~~~~~^~~~~
arm-none-eabi-gcc -o "Task1_Week2.elf" @"objects.list"   -mcpu=cortex-m4 -T"C:\Users\shanw\OneDrive\Documents\GitHub\ECE2071_TeamE14\Task1_Week2\STM32L432KCUX_FLASH.ld" --specs=nosys.specs -Wl,-Map="Task1_Week2.map" -Wl,--gc-sections -static --specs=nano.specs -mfpu=fpv4-sp-d16 -mfloat-abi=hard -mthumb -Wl,--start-group -lc -lm -Wl,--end-group
Finished building target: Task1_Week2.elf
 
arm-none-eabi-size  Task1_Week2.elf 
arm-none-eabi-objdump -h -S Task1_Week2.elf  > "Task1_Week2.list"
   text	   data	    bss	    dec	    hex	filename
  14872	     92	   2116	  17080	   42b8	Task1_Week2.elf
Finished building: default.size.stdout
 
Finished building: Task1_Week2.list
 
13:53:46 **** Incremental Build of configuration Debug for project Task1_Week2 ****
make -j18 all 
arm-none-eabi-size  Task1_Week2.elf 
   text	   data	    bss	    dec	    hex	filename
  14872	     92	   2116	  17080	   42b8	Task1_Week2.elf
Finished building: default.size.stdout
 
13:54:33 **** Incremental Build of configuration Debug for project Task1_Week2 ****
make -j18 all 
arm-none-eabi-size  Task1_Week2.elf 
   text	   data	    bss	    dec	    hex	filename
  14872	     92	   2116	  17080	   42b8	Task1_Week2.elf
Finished building: default.size.stdout
 
13:54:39 **** Incremental Build of configuration Debug for project Task1_Week2 ****
make -j18 all 
arm-none-eabi-size  Task1_Week2.elf 
   text	   data	    bss	    dec	    hex	filename
  14872	     92	   2116	  17080	   42b8	Task1_Week2.elf
Finished building: default.size.stdout
 
13:54:41 **** Incremental Build of configuration Debug for project Task1_Week2 ****
make -j18 all 
arm-none-eabi-size  Task1_Week2.elf 
   text	   data	    bss	    dec	    hex	filename
  14872	     92	   2116	  17080	   42b8	Task1_Week2.elf
Finished building: default.size.stdout
 
13:56:31 **** Incremental Build of configuration Debug for project Task1_Week2 ****
make -j18 all 
arm-none-eabi-size  Task1_Week2.elf 
   text	   data	    bss	    dec	    hex	filename
  14872	     92	   2116	  17080	   42b8	Task1_Week2.elf
Finished building: default.size.stdout
 
13:57:00 **** Incremental Build of configuration Debug for project Task1_Week2 ****
make -j18 all 
arm-none-eabi-size  Task1_Week2.elf 
   text	   data	    bss	    dec	    hex	filename
  14872	     92	   2116	  17080	   42b8	Task1_Week2.elf
Finished building: default.size.stdout
 
13:59:29 **** Incremental Build of configuration Debug for project Task1_Week2 ****
make -j18 all 
arm-none-eabi-gcc "../Core/Src/main.c" -mcpu=cortex-m4 -std=gnu11 -g3 -DDEBUG -DUSE_HAL_DRIVER -DSTM32L432xx -c -I../Core/Inc -I../Drivers/STM32L4xx_HAL_Driver/Inc -I../Drivers/STM32L4xx_HAL_Driver/Inc/Legacy -I../Drivers/CMSIS/Device/ST/STM32L4xx/Include -I../Drivers/CMSIS/Include -O0 -ffunction-sections -fdata-sections -Wall -fstack-usage -fcyclomatic-complexity -MMD -MP -MF"Core/Src/main.d" -MT"Core/Src/main.o" --specs=nano.specs -mfpu=fpv4-sp-d16 -mfloat-abi=hard -mthumb -o "Core/Src/main.o"
../Core/Src/main.c: In function 'main':
../Core/Src/main.c:119:35: warning: passing argument 2 of 'HAL_UART_Transmit' makes pointer from integer without a cast [-Wint-conversion]
  119 |                                   *num,
      |                                   ^~~~
      |                                   |
      |                                   char
In file included from ../Core/Inc/stm32l4xx_hal_conf.h:450,
                 from ../Drivers/STM32L4xx_HAL_Driver/Inc/stm32l4xx_hal.h:29,
                 from ../Core/Inc/main.h:30,
                 from ../Core/Src/main.c:20:
../Drivers/STM32L4xx_HAL_Driver/Inc/stm32l4xx_hal_uart.h:1696:79: note: expected 'const uint8_t *' {aka 'const unsigned char *'} but argument is of type 'char'
 1696 | HAL_StatusTypeDef HAL_UART_Transmit(UART_HandleTypeDef *huart, const uint8_t *pData, uint16_t Size, uint32_t Timeout);
      |                                                                ~~~~~~~~~~~~~~~^~~~~
arm-none-eabi-gcc -o "Task1_Week2.elf" @"objects.list"   -mcpu=cortex-m4 -T"C:\Users\shanw\OneDrive\Documents\GitHub\ECE2071_TeamE14\Task1_Week2\STM32L432KCUX_FLASH.ld" --specs=nosys.specs -Wl,-Map="Task1_Week2.map" -Wl,--gc-sections -static --specs=nano.specs -mfpu=fpv4-sp-d16 -mfloat-abi=hard -mthumb -Wl,--start-group -lc -lm -Wl,--end-group
Finished building target: Task1_Week2.elf
 
arm-none-eabi-size  Task1_Week2.elf 
arm-none-eabi-objdump -h -S Task1_Week2.elf  > "Task1_Week2.list"
   text	   data	    bss	    dec	    hex	filename
  14872	     92	   2116	  17080	   42b8	Task1_Week2.elf
Finished building: default.size.stdout
 
Finished building: Task1_Week2.list
 
14:00:46 **** Incremental Build of configuration Debug for project Task1_Week2 ****
make -j18 all 
arm-none-eabi-gcc "../Core/Src/main.c" -mcpu=cortex-m4 -std=gnu11 -g3 -DDEBUG -DUSE_HAL_DRIVER -DSTM32L432xx -c -I../Core/Inc -I../Drivers/STM32L4xx_HAL_Driver/Inc -I../Drivers/STM32L4xx_HAL_Driver/Inc/Legacy -I../Drivers/CMSIS/Device/ST/STM32L4xx/Include -I../Drivers/CMSIS/Include -O0 -ffunction-sections -fdata-sections -Wall -fstack-usage -fcyclomatic-complexity -MMD -MP -MF"Core/Src/main.d" -MT"Core/Src/main.o" --specs=nano.specs -mfpu=fpv4-sp-d16 -mfloat-abi=hard -mthumb -o "Core/Src/main.o"
../Core/Src/main.c: In function 'main':
../Core/Src/main.c:116:27: warning: passing argument 1 of 'sprintf' from incompatible pointer type [-Wincompatible-pointer-types]
  116 |                   sprintf(num,"%03u",counter);
      |                           ^~~
      |                           |
      |                           char **
In file included from ../Core/Src/main.c:22:
C:\ST\STM32CubeIDE_1.18.0\STM32CubeIDE\plugins\com.st.stm32cube.ide.mcu.externaltools.gnu-tools-for-stm32.13.3.rel1.win32_1.0.0.202411081344\tools\bin/../lib/gcc/arm-none-eabi/13.3.1/../../../../arm-none-eabi/include/stdio.h:250:18: note: expected 'char * restrict' but argument is of type 'char **'
  250 | int     sprintf (char *__restrict, const char *__restrict, ...)
      |                  ^
../Core/Src/main.c:119:35: warning: passing argument 2 of 'HAL_UART_Transmit' from incompatible pointer type [-Wincompatible-pointer-types]
  119 |                                   num,
      |                                   ^~~
      |                                   |
      |                                   char **
In file included from ../Core/Inc/stm32l4xx_hal_conf.h:450,
                 from ../Drivers/STM32L4xx_HAL_Driver/Inc/stm32l4xx_hal.h:29,
                 from ../Core/Inc/main.h:30,
                 from ../Core/Src/main.c:20:
../Drivers/STM32L4xx_HAL_Driver/Inc/stm32l4xx_hal_uart.h:1696:79: note: expected 'const uint8_t *' {aka 'const unsigned char *'} but argument is of type 'char **'
 1696 | HAL_StatusTypeDef HAL_UART_Transmit(UART_HandleTypeDef *huart, const uint8_t *pData, uint16_t Size, uint32_t Timeout);
      |                                                                ~~~~~~~~~~~~~~~^~~~~
arm-none-eabi-gcc -o "Task1_Week2.elf" @"objects.list"   -mcpu=cortex-m4 -T"C:\Users\shanw\OneDrive\Documents\GitHub\ECE2071_TeamE14\Task1_Week2\STM32L432KCUX_FLASH.ld" --specs=nosys.specs -Wl,-Map="Task1_Week2.map" -Wl,--gc-sections -static --specs=nano.specs -mfpu=fpv4-sp-d16 -mfloat-abi=hard -mthumb -Wl,--start-group -lc -lm -Wl,--end-group
Finished building target: Task1_Week2.elf
 
arm-none-eabi-size  Task1_Week2.elf 
arm-none-eabi-objdump -h -S Task1_Week2.elf  > "Task1_Week2.list"
   text	   data	    bss	    dec	    hex	filename
  14872	     92	   2116	  17080	   42b8	Task1_Week2.elf
Finished building: default.size.stdout
 
Finished building: Task1_Week2.list
 
14:01:15 **** Incremental Build of configuration Debug for project Task1_Week2 ****
make -j18 all 
arm-none-eabi-gcc "../Core/Src/main.c" -mcpu=cortex-m4 -std=gnu11 -g3 -DDEBUG -DUSE_HAL_DRIVER -DSTM32L432xx -c -I../Core/Inc -I../Drivers/STM32L4xx_HAL_Driver/Inc -I../Drivers/STM32L4xx_HAL_Driver/Inc/Legacy -I../Drivers/CMSIS/Device/ST/STM32L4xx/Include -I../Drivers/CMSIS/Include -O0 -ffunction-sections -fdata-sections -Wall -fstack-usage -fcyclomatic-complexity -MMD -MP -MF"Core/Src/main.d" -MT"Core/Src/main.o" --specs=nano.specs -mfpu=fpv4-sp-d16 -mfloat-abi=hard -mthumb -o "Core/Src/main.o"
../Core/Src/main.c: In function 'main':
../Core/Src/main.c:116:27: warning: passing argument 1 of 'sprintf' from incompatible pointer type [-Wincompatible-pointer-types]
  116 |                   sprintf(num,"%03u\r\n",counter);
      |                           ^~~
      |                           |
      |                           char **
In file included from ../Core/Src/main.c:22:
C:\ST\STM32CubeIDE_1.18.0\STM32CubeIDE\plugins\com.st.stm32cube.ide.mcu.externaltools.gnu-tools-for-stm32.13.3.rel1.win32_1.0.0.202411081344\tools\bin/../lib/gcc/arm-none-eabi/13.3.1/../../../../arm-none-eabi/include/stdio.h:250:18: note: expected 'char * restrict' but argument is of type 'char **'
  250 | int     sprintf (char *__restrict, const char *__restrict, ...)
      |                  ^
../Core/Src/main.c:119:35: warning: passing argument 2 of 'HAL_UART_Transmit' from incompatible pointer type [-Wincompatible-pointer-types]
  119 |                                   num,
      |                                   ^~~
      |                                   |
      |                                   char **
In file included from ../Core/Inc/stm32l4xx_hal_conf.h:450,
                 from ../Drivers/STM32L4xx_HAL_Driver/Inc/stm32l4xx_hal.h:29,
                 from ../Core/Inc/main.h:30,
                 from ../Core/Src/main.c:20:
../Drivers/STM32L4xx_HAL_Driver/Inc/stm32l4xx_hal_uart.h:1696:79: note: expected 'const uint8_t *' {aka 'const unsigned char *'} but argument is of type 'char **'
 1696 | HAL_StatusTypeDef HAL_UART_Transmit(UART_HandleTypeDef *huart, const uint8_t *pData, uint16_t Size, uint32_t Timeout);
      |                                                                ~~~~~~~~~~~~~~~^~~~~
arm-none-eabi-gcc -o "Task1_Week2.elf" @"objects.list"   -mcpu=cortex-m4 -T"C:\Users\shanw\OneDrive\Documents\GitHub\ECE2071_TeamE14\Task1_Week2\STM32L432KCUX_FLASH.ld" --specs=nosys.specs -Wl,-Map="Task1_Week2.map" -Wl,--gc-sections -static --specs=nano.specs -mfpu=fpv4-sp-d16 -mfloat-abi=hard -mthumb -Wl,--start-group -lc -lm -Wl,--end-group
Finished building target: Task1_Week2.elf
 
arm-none-eabi-size  Task1_Week2.elf 
arm-none-eabi-objdump -h -S Task1_Week2.elf  > "Task1_Week2.list"
   text	   data	    bss	    dec	    hex	filename
  14872	     92	   2116	  17080	   42b8	Task1_Week2.elf
Finished building: default.size.stdout
 
Finished building: Task1_Week2.list
 
14:02:27 **** Incremental Build of configuration Debug for project Task1_Week2 ****
make -j18 all 
arm-none-eabi-gcc "../Core/Src/main.c" -mcpu=cortex-m4 -std=gnu11 -g3 -DDEBUG -DUSE_HAL_DRIVER -DSTM32L432xx -c -I../Core/Inc -I../Drivers/STM32L4xx_HAL_Driver/Inc -I../Drivers/STM32L4xx_HAL_Driver/Inc/Legacy -I../Drivers/CMSIS/Device/ST/STM32L4xx/Include -I../Drivers/CMSIS/Include -O0 -ffunction-sections -fdata-sections -Wall -fstack-usage -fcyclomatic-complexity -MMD -MP -MF"Core/Src/main.d" -MT"Core/Src/main.o" --specs=nano.specs -mfpu=fpv4-sp-d16 -mfloat-abi=hard -mthumb -o "Core/Src/main.o"
arm-none-eabi-gcc -o "Task1_Week2.elf" @"objects.list"   -mcpu=cortex-m4 -T"C:\Users\shanw\OneDrive\Documents\GitHub\ECE2071_TeamE14\Task1_Week2\STM32L432KCUX_FLASH.ld" --specs=nosys.specs -Wl,-Map="Task1_Week2.map" -Wl,--gc-sections -static --specs=nano.specs -mfpu=fpv4-sp-d16 -mfloat-abi=hard -mthumb -Wl,--start-group -lc -lm -Wl,--end-group
Finished building target: Task1_Week2.elf
 
arm-none-eabi-size  Task1_Week2.elf 
arm-none-eabi-objdump -h -S Task1_Week2.elf  > "Task1_Week2.list"
   text	   data	    bss	    dec	    hex	filename
  14872	     92	   2116	  17080	   42b8	Task1_Week2.elf
Finished building: default.size.stdout
 
Finished building: Task1_Week2.list
 
